{"/Users/mimi/Grace-Hopper/srphase/muggers/server/api/users.spec.js":{"path":"/Users/mimi/Grace-Hopper/srphase/muggers/server/api/users.spec.js","statementMap":{},"fnMap":{},"branchMap":{},"s":{},"f":{},"b":{},"_coverageSchema":"332fd63041d2c1bcb487cc26dd0d5f7d97098a6c","hash":"a837671c694132864b1317e1dcdf78b3260040e4","contentHash":"e5707271ffed1034ee2173f82ae96106_11.4.1"},"/Users/mimi/Grace-Hopper/srphase/muggers/server/db/models/models.spec.js":{"path":"/Users/mimi/Grace-Hopper/srphase/muggers/server/db/models/models.spec.js","statementMap":{"0":{"start":{"line":3,"column":15},"end":{"line":3,"column":30}},"1":{"start":{"line":4,"column":13},"end":{"line":4,"column":28}},"2":{"start":{"line":6,"column":9},"end":{"line":6,"column":28}},"3":{"start":{"line":8,"column":16},"end":{"line":8,"column":34}},"4":{"start":{"line":9,"column":11},"end":{"line":9,"column":25}},"5":{"start":{"line":10,"column":12},"end":{"line":10,"column":27}},"6":{"start":{"line":11,"column":15},"end":{"line":11,"column":33}},"7":{"start":{"line":12,"column":13},"end":{"line":12,"column":29}},"8":{"start":{"line":13,"column":14},"end":{"line":13,"column":31}},"9":{"start":{"line":14,"column":14},"end":{"line":14,"column":31}},"10":{"start":{"line":15,"column":15},"end":{"line":15,"column":33}},"11":{"start":{"line":17,"column":0},"end":{"line":41,"column":3}},"12":{"start":{"line":18,"column":2},"end":{"line":40,"column":5}},"13":{"start":{"line":19,"column":21},"end":{"line":19,"column":37}},"14":{"start":{"line":21,"column":4},"end":{"line":24,"column":7}},"15":{"start":{"line":22,"column":6},"end":{"line":22,"column":49}},"16":{"start":{"line":23,"column":6},"end":{"line":23,"column":50}},"17":{"start":{"line":26,"column":4},"end":{"line":32,"column":7}},"18":{"start":{"line":27,"column":18},"end":{"line":27,"column":40}},"19":{"start":{"line":29,"column":6},"end":{"line":31,"column":9}},"20":{"start":{"line":30,"column":8},"end":{"line":30,"column":55}},"21":{"start":{"line":33,"column":4},"end":{"line":39,"column":7}},"22":{"start":{"line":34,"column":19},"end":{"line":34,"column":42}},"23":{"start":{"line":36,"column":6},"end":{"line":38,"column":9}},"24":{"start":{"line":37,"column":8},"end":{"line":37,"column":58}},"25":{"start":{"line":43,"column":0},"end":{"line":66,"column":3}},"26":{"start":{"line":44,"column":2},"end":{"line":65,"column":5}},"27":{"start":{"line":45,"column":21},"end":{"line":45,"column":38}},"28":{"start":{"line":47,"column":4},"end":{"line":50,"column":7}},"29":{"start":{"line":48,"column":6},"end":{"line":48,"column":48}},"30":{"start":{"line":49,"column":6},"end":{"line":49,"column":50}},"31":{"start":{"line":51,"column":4},"end":{"line":64,"column":7}},"32":{"start":{"line":52,"column":26},"end":{"line":52,"column":32}},"33":{"start":{"line":53,"column":6},"end":{"line":60,"column":9}},"34":{"start":{"line":54,"column":8},"end":{"line":59,"column":11}},"35":{"start":{"line":58,"column":10},"end":{"line":58,"column":33}},"36":{"start":{"line":61,"column":6},"end":{"line":63,"column":9}},"37":{"start":{"line":62,"column":8},"end":{"line":62,"column":49}},"38":{"start":{"line":68,"column":0},"end":{"line":76,"column":3}},"39":{"start":{"line":69,"column":2},"end":{"line":75,"column":5}},"40":{"start":{"line":70,"column":21},"end":{"line":70,"column":40}},"41":{"start":{"line":72,"column":4},"end":{"line":74,"column":7}},"42":{"start":{"line":73,"column":6},"end":{"line":73,"column":48}},"43":{"start":{"line":78,"column":0},"end":{"line":87,"column":3}},"44":{"start":{"line":79,"column":2},"end":{"line":86,"column":5}},"45":{"start":{"line":80,"column":21},"end":{"line":80,"column":40}},"46":{"start":{"line":82,"column":4},"end":{"line":85,"column":7}},"47":{"start":{"line":83,"column":6},"end":{"line":83,"column":52}},"48":{"start":{"line":84,"column":6},"end":{"line":84,"column":49}},"49":{"start":{"line":89,"column":0},"end":{"line":138,"column":3}},"50":{"start":{"line":90,"column":2},"end":{"line":100,"column":5}},"51":{"start":{"line":91,"column":21},"end":{"line":91,"column":39}},"52":{"start":{"line":93,"column":4},"end":{"line":99,"column":7}},"53":{"start":{"line":94,"column":6},"end":{"line":94,"column":48}},"54":{"start":{"line":95,"column":6},"end":{"line":95,"column":55}},"55":{"start":{"line":96,"column":6},"end":{"line":96,"column":49}},"56":{"start":{"line":97,"column":6},"end":{"line":97,"column":49}},"57":{"start":{"line":98,"column":6},"end":{"line":98,"column":49}},"58":{"start":{"line":101,"column":2},"end":{"line":137,"column":5}},"59":{"start":{"line":102,"column":23},"end":{"line":102,"column":29}},"60":{"start":{"line":103,"column":4},"end":{"line":124,"column":7}},"61":{"start":{"line":104,"column":6},"end":{"line":123,"column":9}},"62":{"start":{"line":110,"column":8},"end":{"line":110,"column":36}},"63":{"start":{"line":126,"column":4},"end":{"line":128,"column":7}},"64":{"start":{"line":127,"column":6},"end":{"line":127,"column":54}},"65":{"start":{"line":130,"column":4},"end":{"line":132,"column":7}},"66":{"start":{"line":131,"column":6},"end":{"line":131,"column":55}},"67":{"start":{"line":134,"column":4},"end":{"line":136,"column":7}},"68":{"start":{"line":135,"column":6},"end":{"line":135,"column":62}},"69":{"start":{"line":139,"column":0},"end":{"line":158,"column":3}},"70":{"start":{"line":140,"column":2},"end":{"line":157,"column":5}},"71":{"start":{"line":141,"column":16},"end":{"line":141,"column":22}},"72":{"start":{"line":142,"column":4},"end":{"line":152,"column":7}},"73":{"start":{"line":144,"column":6},"end":{"line":151,"column":9}},"74":{"start":{"line":150,"column":8},"end":{"line":150,"column":24}},"75":{"start":{"line":154,"column":4},"end":{"line":156,"column":7}},"76":{"start":{"line":155,"column":6},"end":{"line":155,"column":91}}},"fnMap":{"0":{"name":"(anonymous_0)","decl":{"start":{"line":17,"column":18},"end":{"line":17,"column":19}},"loc":{"start":{"line":17,"column":30},"end":{"line":41,"column":1}},"line":17},"1":{"name":"(anonymous_1)","decl":{"start":{"line":18,"column":25},"end":{"line":18,"column":26}},"loc":{"start":{"line":18,"column":37},"end":{"line":40,"column":3}},"line":18},"2":{"name":"(anonymous_2)","decl":{"start":{"line":21,"column":37},"end":{"line":21,"column":38}},"loc":{"start":{"line":21,"column":49},"end":{"line":24,"column":5}},"line":21},"3":{"name":"(anonymous_3)","decl":{"start":{"line":26,"column":32},"end":{"line":26,"column":33}},"loc":{"start":{"line":26,"column":44},"end":{"line":32,"column":5}},"line":26},"4":{"name":"(anonymous_4)","decl":{"start":{"line":29,"column":28},"end":{"line":29,"column":29}},"loc":{"start":{"line":29,"column":40},"end":{"line":31,"column":7}},"line":29},"5":{"name":"(anonymous_5)","decl":{"start":{"line":33,"column":33},"end":{"line":33,"column":34}},"loc":{"start":{"line":33,"column":45},"end":{"line":39,"column":5}},"line":33},"6":{"name":"(anonymous_6)","decl":{"start":{"line":36,"column":50},"end":{"line":36,"column":51}},"loc":{"start":{"line":36,"column":62},"end":{"line":38,"column":7}},"line":36},"7":{"name":"(anonymous_7)","decl":{"start":{"line":43,"column":19},"end":{"line":43,"column":20}},"loc":{"start":{"line":43,"column":31},"end":{"line":66,"column":1}},"line":43},"8":{"name":"(anonymous_8)","decl":{"start":{"line":44,"column":25},"end":{"line":44,"column":26}},"loc":{"start":{"line":44,"column":37},"end":{"line":65,"column":3}},"line":44},"9":{"name":"(anonymous_9)","decl":{"start":{"line":47,"column":37},"end":{"line":47,"column":38}},"loc":{"start":{"line":47,"column":49},"end":{"line":50,"column":5}},"line":47},"10":{"name":"(anonymous_10)","decl":{"start":{"line":51,"column":33},"end":{"line":51,"column":34}},"loc":{"start":{"line":51,"column":45},"end":{"line":64,"column":5}},"line":51},"11":{"name":"(anonymous_11)","decl":{"start":{"line":53,"column":17},"end":{"line":53,"column":18}},"loc":{"start":{"line":53,"column":29},"end":{"line":60,"column":7}},"line":53},"12":{"name":"(anonymous_12)","decl":{"start":{"line":57,"column":16},"end":{"line":57,"column":17}},"loc":{"start":{"line":57,"column":34},"end":{"line":59,"column":9}},"line":57},"13":{"name":"(anonymous_13)","decl":{"start":{"line":61,"column":41},"end":{"line":61,"column":42}},"loc":{"start":{"line":61,"column":53},"end":{"line":63,"column":7}},"line":61},"14":{"name":"(anonymous_14)","decl":{"start":{"line":68,"column":21},"end":{"line":68,"column":22}},"loc":{"start":{"line":68,"column":33},"end":{"line":76,"column":1}},"line":68},"15":{"name":"(anonymous_15)","decl":{"start":{"line":69,"column":25},"end":{"line":69,"column":26}},"loc":{"start":{"line":69,"column":37},"end":{"line":75,"column":3}},"line":69},"16":{"name":"(anonymous_16)","decl":{"start":{"line":72,"column":37},"end":{"line":72,"column":38}},"loc":{"start":{"line":72,"column":49},"end":{"line":74,"column":5}},"line":72},"17":{"name":"(anonymous_17)","decl":{"start":{"line":78,"column":21},"end":{"line":78,"column":22}},"loc":{"start":{"line":78,"column":33},"end":{"line":87,"column":1}},"line":78},"18":{"name":"(anonymous_18)","decl":{"start":{"line":79,"column":25},"end":{"line":79,"column":26}},"loc":{"start":{"line":79,"column":37},"end":{"line":86,"column":3}},"line":79},"19":{"name":"(anonymous_19)","decl":{"start":{"line":82,"column":37},"end":{"line":82,"column":38}},"loc":{"start":{"line":82,"column":49},"end":{"line":85,"column":5}},"line":82},"20":{"name":"(anonymous_20)","decl":{"start":{"line":89,"column":20},"end":{"line":89,"column":21}},"loc":{"start":{"line":89,"column":32},"end":{"line":138,"column":1}},"line":89},"21":{"name":"(anonymous_21)","decl":{"start":{"line":90,"column":25},"end":{"line":90,"column":26}},"loc":{"start":{"line":90,"column":37},"end":{"line":100,"column":3}},"line":90},"22":{"name":"(anonymous_22)","decl":{"start":{"line":93,"column":37},"end":{"line":93,"column":38}},"loc":{"start":{"line":93,"column":49},"end":{"line":99,"column":5}},"line":93},"23":{"name":"(anonymous_23)","decl":{"start":{"line":101,"column":31},"end":{"line":101,"column":32}},"loc":{"start":{"line":101,"column":43},"end":{"line":137,"column":3}},"line":101},"24":{"name":"(anonymous_24)","decl":{"start":{"line":103,"column":15},"end":{"line":103,"column":16}},"loc":{"start":{"line":103,"column":27},"end":{"line":124,"column":5}},"line":103},"25":{"name":"(anonymous_25)","decl":{"start":{"line":109,"column":14},"end":{"line":109,"column":15}},"loc":{"start":{"line":109,"column":38},"end":{"line":123,"column":7}},"line":109},"26":{"name":"(anonymous_26)","decl":{"start":{"line":126,"column":50},"end":{"line":126,"column":51}},"loc":{"start":{"line":126,"column":62},"end":{"line":128,"column":5}},"line":126},"27":{"name":"(anonymous_27)","decl":{"start":{"line":130,"column":49},"end":{"line":130,"column":50}},"loc":{"start":{"line":130,"column":61},"end":{"line":132,"column":5}},"line":130},"28":{"name":"(anonymous_28)","decl":{"start":{"line":134,"column":45},"end":{"line":134,"column":46}},"loc":{"start":{"line":134,"column":57},"end":{"line":136,"column":5}},"line":134},"29":{"name":"(anonymous_29)","decl":{"start":{"line":139,"column":26},"end":{"line":139,"column":27}},"loc":{"start":{"line":139,"column":38},"end":{"line":158,"column":1}},"line":139},"30":{"name":"(anonymous_30)","decl":{"start":{"line":140,"column":31},"end":{"line":140,"column":32}},"loc":{"start":{"line":140,"column":43},"end":{"line":157,"column":3}},"line":140},"31":{"name":"(anonymous_31)","decl":{"start":{"line":142,"column":15},"end":{"line":142,"column":16}},"loc":{"start":{"line":142,"column":27},"end":{"line":152,"column":5}},"line":142},"32":{"name":"(anonymous_32)","decl":{"start":{"line":149,"column":14},"end":{"line":149,"column":15}},"loc":{"start":{"line":149,"column":33},"end":{"line":151,"column":7}},"line":149},"33":{"name":"(anonymous_33)","decl":{"start":{"line":154,"column":30},"end":{"line":154,"column":31}},"loc":{"start":{"line":154,"column":42},"end":{"line":156,"column":5}},"line":154}},"branchMap":{},"s":{"0":1,"1":1,"2":1,"3":1,"4":1,"5":1,"6":1,"7":1,"8":1,"9":1,"10":1,"11":1,"12":1,"13":1,"14":1,"15":1,"16":1,"17":1,"18":1,"19":1,"20":1,"21":1,"22":1,"23":1,"24":1,"25":1,"26":1,"27":1,"28":1,"29":1,"30":1,"31":1,"32":1,"33":1,"34":1,"35":1,"36":1,"37":1,"38":1,"39":1,"40":1,"41":1,"42":1,"43":1,"44":1,"45":1,"46":1,"47":1,"48":1,"49":1,"50":1,"51":1,"52":1,"53":1,"54":1,"55":1,"56":1,"57":1,"58":1,"59":1,"60":1,"61":1,"62":1,"63":1,"64":1,"65":1,"66":0,"67":1,"68":0,"69":1,"70":1,"71":1,"72":1,"73":1,"74":1,"75":1,"76":1},"f":{"0":1,"1":1,"2":1,"3":1,"4":1,"5":1,"6":1,"7":1,"8":1,"9":1,"10":1,"11":1,"12":1,"13":1,"14":1,"15":1,"16":1,"17":1,"18":1,"19":1,"20":1,"21":1,"22":1,"23":1,"24":1,"25":1,"26":1,"27":0,"28":0,"29":1,"30":1,"31":1,"32":1,"33":1},"b":{},"_coverageSchema":"332fd63041d2c1bcb487cc26dd0d5f7d97098a6c","hash":"6df53ca525a6ab84becb7ed8eba7733529ff4686","contentHash":"30b368cc332360f7c467f651dfbccccb_11.4.1"},"/Users/mimi/Grace-Hopper/srphase/muggers/server/db/index.js":{"path":"/Users/mimi/Grace-Hopper/srphase/muggers/server/db/index.js","statementMap":{"0":{"start":{"line":3,"column":9},"end":{"line":3,"column":24}},"1":{"start":{"line":6,"column":0},"end":{"line":6,"column":20}},"2":{"start":{"line":8,"column":0},"end":{"line":8,"column":20}}},"fnMap":{},"branchMap":{},"s":{"0":1,"1":1,"2":1},"f":{},"b":{},"_coverageSchema":"332fd63041d2c1bcb487cc26dd0d5f7d97098a6c","hash":"2d4cf2c792167b9acddbf3c523c1535f6a9363f3","contentHash":"b2bb3bc3f8a712064363dd015ca4cbcf_11.4.1"},"/Users/mimi/Grace-Hopper/srphase/muggers/server/db/db.js":{"path":"/Users/mimi/Grace-Hopper/srphase/muggers/server/db/db.js","statementMap":{"0":{"start":{"line":3,"column":16},"end":{"line":3,"column":36}},"1":{"start":{"line":4,"column":10},"end":{"line":4,"column":39}},"2":{"start":{"line":6,"column":19},"end":{"line":6,"column":78}},"3":{"start":{"line":7,"column":9},"end":{"line":9,"column":2}},"4":{"start":{"line":10,"column":0},"end":{"line":10,"column":20}}},"fnMap":{},"branchMap":{"0":{"loc":{"start":{"line":6,"column":31},"end":{"line":6,"column":77}},"type":"cond-expr","locations":[{"start":{"line":6,"column":65},"end":{"line":6,"column":72}},{"start":{"line":6,"column":75},"end":{"line":6,"column":77}}],"line":6},"1":{"loc":{"start":{"line":7,"column":23},"end":{"line":7,"column":94}},"type":"binary-expr","locations":[{"start":{"line":7,"column":23},"end":{"line":7,"column":47}},{"start":{"line":7,"column":51},"end":{"line":7,"column":94}}],"line":7}},"s":{"0":1,"1":1,"2":1,"3":1,"4":1},"f":{},"b":{"0":[1,0],"1":[1,1]},"_coverageSchema":"332fd63041d2c1bcb487cc26dd0d5f7d97098a6c","hash":"56c206d0e99336349846ba921b85a0dfd75f4558","contentHash":"07661dfee392927e7bc0ade369cbb260_11.4.1"},"/Users/mimi/Grace-Hopper/srphase/muggers/server/db/models/index.js":{"path":"/Users/mimi/Grace-Hopper/srphase/muggers/server/db/models/index.js","statementMap":{"0":{"start":{"line":3,"column":11},"end":{"line":3,"column":28}},"1":{"start":{"line":4,"column":12},"end":{"line":4,"column":30}},"2":{"start":{"line":5,"column":15},"end":{"line":5,"column":36}},"3":{"start":{"line":6,"column":15},"end":{"line":6,"column":36}},"4":{"start":{"line":7,"column":14},"end":{"line":7,"column":34}},"5":{"start":{"line":8,"column":13},"end":{"line":8,"column":32}},"6":{"start":{"line":9,"column":14},"end":{"line":9,"column":34}},"7":{"start":{"line":10,"column":9},"end":{"line":10,"column":25}},"8":{"start":{"line":12,"column":0},"end":{"line":12,"column":65}},"9":{"start":{"line":13,"column":0},"end":{"line":13,"column":65}},"10":{"start":{"line":15,"column":0},"end":{"line":15,"column":24}},"11":{"start":{"line":16,"column":0},"end":{"line":16,"column":26}},"12":{"start":{"line":17,"column":0},"end":{"line":17,"column":28}},"13":{"start":{"line":19,"column":0},"end":{"line":19,"column":20}},"14":{"start":{"line":20,"column":0},"end":{"line":20,"column":22}},"15":{"start":{"line":22,"column":0},"end":{"line":22,"column":23}},"16":{"start":{"line":23,"column":0},"end":{"line":23,"column":25}},"17":{"start":{"line":25,"column":0},"end":{"line":25,"column":24}},"18":{"start":{"line":26,"column":0},"end":{"line":26,"column":22}},"19":{"start":{"line":28,"column":0},"end":{"line":28,"column":23}},"20":{"start":{"line":29,"column":0},"end":{"line":29,"column":21}},"21":{"start":{"line":31,"column":0},"end":{"line":31,"column":26}},"22":{"start":{"line":32,"column":0},"end":{"line":32,"column":24}},"23":{"start":{"line":39,"column":0},"end":{"line":48,"column":2}}},"fnMap":{},"branchMap":{},"s":{"0":1,"1":1,"2":1,"3":1,"4":1,"5":1,"6":1,"7":1,"8":1,"9":1,"10":1,"11":1,"12":1,"13":1,"14":1,"15":1,"16":1,"17":1,"18":1,"19":1,"20":1,"21":1,"22":1,"23":1},"f":{},"b":{},"_coverageSchema":"332fd63041d2c1bcb487cc26dd0d5f7d97098a6c","hash":"6148580e457fe174f8bd5868782133b0527ad723","contentHash":"0353bc4468f8995fc08153bac03fc25b_11.4.1"},"/Users/mimi/Grace-Hopper/srphase/muggers/server/db/models/user.js":{"path":"/Users/mimi/Grace-Hopper/srphase/muggers/server/db/models/user.js","statementMap":{"0":{"start":{"line":3,"column":13},"end":{"line":3,"column":30}},"1":{"start":{"line":4,"column":16},"end":{"line":4,"column":36}},"2":{"start":{"line":5,"column":9},"end":{"line":5,"column":25}},"3":{"start":{"line":7,"column":11},"end":{"line":76,"column":2}},"4":{"start":{"line":25,"column":6},"end":{"line":25,"column":50}},"5":{"start":{"line":46,"column":18},"end":{"line":46,"column":22}},"6":{"start":{"line":48,"column":6},"end":{"line":50,"column":8}},"7":{"start":{"line":49,"column":8},"end":{"line":49,"column":46}},"8":{"start":{"line":58,"column":19},"end":{"line":58,"column":23}},"9":{"start":{"line":60,"column":6},"end":{"line":62,"column":8}},"10":{"start":{"line":61,"column":8},"end":{"line":61,"column":43}},"11":{"start":{"line":78,"column":0},"end":{"line":78,"column":22}},"12":{"start":{"line":83,"column":0},"end":{"line":85,"column":2}},"13":{"start":{"line":84,"column":2},"end":{"line":84,"column":77}},"14":{"start":{"line":90,"column":0},"end":{"line":92,"column":2}},"15":{"start":{"line":91,"column":2},"end":{"line":91,"column":51}},"16":{"start":{"line":94,"column":0},"end":{"line":96,"column":2}},"17":{"start":{"line":95,"column":2},"end":{"line":95,"column":86}},"18":{"start":{"line":101,"column":25},"end":{"line":106,"column":1}},"19":{"start":{"line":102,"column":2},"end":{"line":105,"column":3}},"20":{"start":{"line":103,"column":4},"end":{"line":103,"column":36}},"21":{"start":{"line":104,"column":4},"end":{"line":104,"column":71}},"22":{"start":{"line":108,"column":0},"end":{"line":108,"column":38}},"23":{"start":{"line":109,"column":0},"end":{"line":109,"column":38}}},"fnMap":{"0":{"name":"get","decl":{"start":{"line":24,"column":18},"end":{"line":24,"column":21}},"loc":{"start":{"line":24,"column":24},"end":{"line":26,"column":5}},"line":24},"1":{"name":"get","decl":{"start":{"line":45,"column":18},"end":{"line":45,"column":21}},"loc":{"start":{"line":45,"column":24},"end":{"line":51,"column":5}},"line":45},"2":{"name":"(anonymous_2)","decl":{"start":{"line":48,"column":13},"end":{"line":48,"column":14}},"loc":{"start":{"line":48,"column":25},"end":{"line":50,"column":7}},"line":48},"3":{"name":"get","decl":{"start":{"line":57,"column":18},"end":{"line":57,"column":21}},"loc":{"start":{"line":57,"column":24},"end":{"line":63,"column":5}},"line":57},"4":{"name":"(anonymous_4)","decl":{"start":{"line":60,"column":13},"end":{"line":60,"column":14}},"loc":{"start":{"line":60,"column":25},"end":{"line":62,"column":7}},"line":60},"5":{"name":"(anonymous_5)","decl":{"start":{"line":83,"column":33},"end":{"line":83,"column":34}},"loc":{"start":{"line":83,"column":57},"end":{"line":85,"column":1}},"line":83},"6":{"name":"(anonymous_6)","decl":{"start":{"line":90,"column":20},"end":{"line":90,"column":21}},"loc":{"start":{"line":90,"column":32},"end":{"line":92,"column":1}},"line":90},"7":{"name":"(anonymous_7)","decl":{"start":{"line":94,"column":23},"end":{"line":94,"column":24}},"loc":{"start":{"line":94,"column":50},"end":{"line":96,"column":1}},"line":94},"8":{"name":"setSaltAndPassword","decl":{"start":{"line":101,"column":34},"end":{"line":101,"column":52}},"loc":{"start":{"line":101,"column":59},"end":{"line":106,"column":1}},"line":101}},"branchMap":{"0":{"loc":{"start":{"line":102,"column":2},"end":{"line":105,"column":3}},"type":"if","locations":[{"start":{"line":102,"column":2},"end":{"line":105,"column":3}},{"start":{"line":102,"column":2},"end":{"line":105,"column":3}}],"line":102}},"s":{"0":1,"1":1,"2":1,"3":1,"4":1,"5":4,"6":4,"7":4,"8":4,"9":4,"10":4,"11":1,"12":1,"13":1,"14":1,"15":3,"16":1,"17":4,"18":1,"19":3,"20":3,"21":3,"22":1,"23":1},"f":{"0":1,"1":4,"2":4,"3":4,"4":4,"5":1,"6":3,"7":4,"8":3},"b":{"0":[3,0]},"_coverageSchema":"332fd63041d2c1bcb487cc26dd0d5f7d97098a6c","hash":"4e3860954a891445dbd3ec1466076070c501276a","contentHash":"e193f680a4d642f2a594d43abecfb739_11.4.1"},"/Users/mimi/Grace-Hopper/srphase/muggers/server/db/models/order.js":{"path":"/Users/mimi/Grace-Hopper/srphase/muggers/server/db/models/order.js","statementMap":{"0":{"start":{"line":3,"column":16},"end":{"line":3,"column":36}},"1":{"start":{"line":4,"column":9},"end":{"line":4,"column":25}},"2":{"start":{"line":8,"column":12},"end":{"line":21,"column":2}},"3":{"start":{"line":23,"column":0},"end":{"line":23,"column":23}}},"fnMap":{},"branchMap":{},"s":{"0":1,"1":1,"2":1,"3":1},"f":{},"b":{},"_coverageSchema":"332fd63041d2c1bcb487cc26dd0d5f7d97098a6c","hash":"76117f61387ad716fab21eb3aa8cf40244b959fa","contentHash":"9c22298b2a5351df04a638dd1c823a65_11.4.1"},"/Users/mimi/Grace-Hopper/srphase/muggers/server/db/models/lineItem.js":{"path":"/Users/mimi/Grace-Hopper/srphase/muggers/server/db/models/lineItem.js","statementMap":{"0":{"start":{"line":3,"column":16},"end":{"line":3,"column":36}},"1":{"start":{"line":4,"column":9},"end":{"line":4,"column":25}},"2":{"start":{"line":8,"column":15},"end":{"line":29,"column":2}},"3":{"start":{"line":20,"column":6},"end":{"line":20,"column":43}},"4":{"start":{"line":26,"column":6},"end":{"line":26,"column":59}},"5":{"start":{"line":31,"column":0},"end":{"line":31,"column":26}}},"fnMap":{"0":{"name":"get","decl":{"start":{"line":19,"column":18},"end":{"line":19,"column":21}},"loc":{"start":{"line":19,"column":24},"end":{"line":21,"column":5}},"line":19},"1":{"name":"get","decl":{"start":{"line":25,"column":18},"end":{"line":25,"column":21}},"loc":{"start":{"line":25,"column":24},"end":{"line":27,"column":5}},"line":25}},"branchMap":{},"s":{"0":1,"1":1,"2":1,"3":0,"4":0,"5":1},"f":{"0":0,"1":0},"b":{},"_coverageSchema":"332fd63041d2c1bcb487cc26dd0d5f7d97098a6c","hash":"16d09c134f8c8f2d688dc08f991eb77bb2f7914e","contentHash":"0daf86a7d579263b993ecda145fcc616_11.4.1"},"/Users/mimi/Grace-Hopper/srphase/muggers/server/db/models/category.js":{"path":"/Users/mimi/Grace-Hopper/srphase/muggers/server/db/models/category.js","statementMap":{"0":{"start":{"line":3,"column":16},"end":{"line":3,"column":36}},"1":{"start":{"line":4,"column":9},"end":{"line":4,"column":25}},"2":{"start":{"line":6,"column":15},"end":{"line":14,"column":2}},"3":{"start":{"line":16,"column":0},"end":{"line":16,"column":26}}},"fnMap":{},"branchMap":{},"s":{"0":1,"1":1,"2":1,"3":1},"f":{},"b":{},"_coverageSchema":"332fd63041d2c1bcb487cc26dd0d5f7d97098a6c","hash":"1d2b31b47d4a0eaf3d2235d451a9dc91ba49e1d5","contentHash":"b165d33839d21e4479114f23faef92d9_11.4.1"},"/Users/mimi/Grace-Hopper/srphase/muggers/server/db/models/product.js":{"path":"/Users/mimi/Grace-Hopper/srphase/muggers/server/db/models/product.js","statementMap":{"0":{"start":{"line":3,"column":16},"end":{"line":3,"column":36}},"1":{"start":{"line":4,"column":9},"end":{"line":4,"column":25}},"2":{"start":{"line":6,"column":14},"end":{"line":36,"column":2}},"3":{"start":{"line":38,"column":0},"end":{"line":40,"column":2}},"4":{"start":{"line":39,"column":4},"end":{"line":39,"column":24}},"5":{"start":{"line":42,"column":0},"end":{"line":44,"column":2}},"6":{"start":{"line":43,"column":4},"end":{"line":43,"column":41}},"7":{"start":{"line":46,"column":0},"end":{"line":63,"column":2}},"8":{"start":{"line":47,"column":19},"end":{"line":47,"column":23}},"9":{"start":{"line":48,"column":4},"end":{"line":62,"column":7}},"10":{"start":{"line":49,"column":8},"end":{"line":51,"column":11}},"11":{"start":{"line":50,"column":12},"end":{"line":50,"column":45}},"12":{"start":{"line":53,"column":22},"end":{"line":53,"column":42}},"13":{"start":{"line":54,"column":20},"end":{"line":57,"column":13}},"14":{"start":{"line":55,"column":12},"end":{"line":55,"column":22}},"15":{"start":{"line":56,"column":12},"end":{"line":56,"column":23}},"16":{"start":{"line":58,"column":8},"end":{"line":58,"column":31}},"17":{"start":{"line":60,"column":8},"end":{"line":60,"column":52}},"18":{"start":{"line":61,"column":8},"end":{"line":61,"column":24}},"19":{"start":{"line":65,"column":0},"end":{"line":65,"column":25}}},"fnMap":{"0":{"name":"(anonymous_0)","decl":{"start":{"line":38,"column":32},"end":{"line":38,"column":33}},"loc":{"start":{"line":38,"column":44},"end":{"line":40,"column":1}},"line":38},"1":{"name":"(anonymous_1)","decl":{"start":{"line":42,"column":33},"end":{"line":42,"column":34}},"loc":{"start":{"line":42,"column":45},"end":{"line":44,"column":1}},"line":42},"2":{"name":"(anonymous_2)","decl":{"start":{"line":46,"column":34},"end":{"line":46,"column":35}},"loc":{"start":{"line":46,"column":46},"end":{"line":63,"column":1}},"line":46},"3":{"name":"(anonymous_3)","decl":{"start":{"line":48,"column":34},"end":{"line":48,"column":35}},"loc":{"start":{"line":48,"column":53},"end":{"line":52,"column":5}},"line":48},"4":{"name":"(anonymous_4)","decl":{"start":{"line":49,"column":27},"end":{"line":49,"column":28}},"loc":{"start":{"line":49,"column":41},"end":{"line":51,"column":9}},"line":49},"5":{"name":"(anonymous_5)","decl":{"start":{"line":52,"column":12},"end":{"line":52,"column":13}},"loc":{"start":{"line":52,"column":37},"end":{"line":59,"column":5}},"line":52},"6":{"name":"(anonymous_6)","decl":{"start":{"line":54,"column":41},"end":{"line":54,"column":42}},"loc":{"start":{"line":54,"column":60},"end":{"line":57,"column":9}},"line":54},"7":{"name":"(anonymous_7)","decl":{"start":{"line":59,"column":12},"end":{"line":59,"column":13}},"loc":{"start":{"line":59,"column":31},"end":{"line":62,"column":5}},"line":59}},"branchMap":{},"s":{"0":1,"1":1,"2":1,"3":1,"4":1,"5":1,"6":0,"7":1,"8":0,"9":0,"10":0,"11":0,"12":0,"13":0,"14":0,"15":0,"16":0,"17":0,"18":0,"19":1},"f":{"0":1,"1":0,"2":0,"3":0,"4":0,"5":0,"6":0,"7":0},"b":{},"_coverageSchema":"332fd63041d2c1bcb487cc26dd0d5f7d97098a6c","hash":"caf024e6c322c9a8ae6054c52ff1121c4e70dcf0","contentHash":"0a906aed3f832d014fcdc289805e5dee_11.4.1"},"/Users/mimi/Grace-Hopper/srphase/muggers/server/db/models/review.js":{"path":"/Users/mimi/Grace-Hopper/srphase/muggers/server/db/models/review.js","statementMap":{"0":{"start":{"line":3,"column":16},"end":{"line":3,"column":36}},"1":{"start":{"line":4,"column":9},"end":{"line":4,"column":25}},"2":{"start":{"line":6,"column":13},"end":{"line":18,"column":2}},"3":{"start":{"line":20,"column":0},"end":{"line":20,"column":24}}},"fnMap":{},"branchMap":{},"s":{"0":1,"1":1,"2":1,"3":1},"f":{},"b":{},"_coverageSchema":"332fd63041d2c1bcb487cc26dd0d5f7d97098a6c","hash":"f0988f797ff693a684615f815317314f9b1ac41d","contentHash":"8ebf4f0c5062bc4cb49df2e6629fc79a_11.4.1"},"/Users/mimi/Grace-Hopper/srphase/muggers/server/db/models/address.js":{"path":"/Users/mimi/Grace-Hopper/srphase/muggers/server/db/models/address.js","statementMap":{"0":{"start":{"line":3,"column":16},"end":{"line":3,"column":36}},"1":{"start":{"line":4,"column":9},"end":{"line":4,"column":25}},"2":{"start":{"line":6,"column":14},"end":{"line":35,"column":2}},"3":{"start":{"line":37,"column":0},"end":{"line":39,"column":2}},"4":{"start":{"line":38,"column":2},"end":{"line":38,"column":78}},"5":{"start":{"line":41,"column":0},"end":{"line":41,"column":25}}},"fnMap":{"0":{"name":"(anonymous_0)","decl":{"start":{"line":37,"column":32},"end":{"line":37,"column":33}},"loc":{"start":{"line":37,"column":44},"end":{"line":39,"column":1}},"line":37}},"branchMap":{},"s":{"0":1,"1":1,"2":1,"3":1,"4":1,"5":1},"f":{"0":1},"b":{},"_coverageSchema":"332fd63041d2c1bcb487cc26dd0d5f7d97098a6c","hash":"84566331353284aa65c602c45279176ca1df308f","contentHash":"0a7e01579abaf74245dc4f85a7da8a20_11.4.1"},"/Users/mimi/Grace-Hopper/srphase/muggers/server/db/models/user.spec.js":{"path":"/Users/mimi/Grace-Hopper/srphase/muggers/server/db/models/user.spec.js","statementMap":{"0":{"start":{"line":5,"column":15},"end":{"line":5,"column":30}},"1":{"start":{"line":6,"column":13},"end":{"line":6,"column":28}},"2":{"start":{"line":8,"column":9},"end":{"line":8,"column":28}},"3":{"start":{"line":9,"column":11},"end":{"line":9,"column":27}},"4":{"start":{"line":11,"column":0},"end":{"line":53,"column":3}},"5":{"start":{"line":12,"column":2},"end":{"line":14,"column":5}},"6":{"start":{"line":13,"column":4},"end":{"line":13,"column":36}},"7":{"start":{"line":16,"column":2},"end":{"line":52,"column":5}},"8":{"start":{"line":17,"column":4},"end":{"line":51,"column":7}},"9":{"start":{"line":18,"column":17},"end":{"line":18,"column":23}},"10":{"start":{"line":19,"column":6},"end":{"line":28,"column":9}},"11":{"start":{"line":20,"column":8},"end":{"line":27,"column":11}},"12":{"start":{"line":26,"column":10},"end":{"line":26,"column":22}},"13":{"start":{"line":30,"column":6},"end":{"line":32,"column":9}},"14":{"start":{"line":31,"column":8},"end":{"line":31,"column":65}},"15":{"start":{"line":33,"column":6},"end":{"line":50,"column":9}},"16":{"start":{"line":34,"column":20},"end":{"line":34,"column":26}},"17":{"start":{"line":36,"column":8},"end":{"line":45,"column":11}},"18":{"start":{"line":37,"column":10},"end":{"line":44,"column":13}},"19":{"start":{"line":43,"column":12},"end":{"line":43,"column":25}},"20":{"start":{"line":47,"column":8},"end":{"line":49,"column":11}},"21":{"start":{"line":48,"column":10},"end":{"line":48,"column":59}}},"fnMap":{"0":{"name":"(anonymous_0)","decl":{"start":{"line":11,"column":23},"end":{"line":11,"column":24}},"loc":{"start":{"line":11,"column":35},"end":{"line":53,"column":1}},"line":11},"1":{"name":"(anonymous_1)","decl":{"start":{"line":12,"column":13},"end":{"line":12,"column":14}},"loc":{"start":{"line":12,"column":25},"end":{"line":14,"column":3}},"line":12},"2":{"name":"(anonymous_2)","decl":{"start":{"line":16,"column":30},"end":{"line":16,"column":31}},"loc":{"start":{"line":16,"column":42},"end":{"line":52,"column":3}},"line":16},"3":{"name":"(anonymous_3)","decl":{"start":{"line":17,"column":32},"end":{"line":17,"column":33}},"loc":{"start":{"line":17,"column":44},"end":{"line":51,"column":5}},"line":17},"4":{"name":"(anonymous_4)","decl":{"start":{"line":19,"column":17},"end":{"line":19,"column":18}},"loc":{"start":{"line":19,"column":29},"end":{"line":28,"column":7}},"line":19},"5":{"name":"(anonymous_5)","decl":{"start":{"line":25,"column":16},"end":{"line":25,"column":17}},"loc":{"start":{"line":25,"column":32},"end":{"line":27,"column":9}},"line":25},"6":{"name":"(anonymous_6)","decl":{"start":{"line":30,"column":55},"end":{"line":30,"column":56}},"loc":{"start":{"line":30,"column":67},"end":{"line":32,"column":7}},"line":30},"7":{"name":"(anonymous_7)","decl":{"start":{"line":33,"column":27},"end":{"line":33,"column":28}},"loc":{"start":{"line":33,"column":39},"end":{"line":50,"column":7}},"line":33},"8":{"name":"(anonymous_8)","decl":{"start":{"line":36,"column":19},"end":{"line":36,"column":20}},"loc":{"start":{"line":36,"column":31},"end":{"line":45,"column":9}},"line":36},"9":{"name":"(anonymous_9)","decl":{"start":{"line":42,"column":18},"end":{"line":42,"column":19}},"loc":{"start":{"line":42,"column":34},"end":{"line":44,"column":11}},"line":42},"10":{"name":"(anonymous_10)","decl":{"start":{"line":47,"column":40},"end":{"line":47,"column":41}},"loc":{"start":{"line":47,"column":52},"end":{"line":49,"column":9}},"line":47}},"branchMap":{},"s":{"0":1,"1":1,"2":1,"3":1,"4":1,"5":1,"6":2,"7":1,"8":1,"9":1,"10":1,"11":2,"12":2,"13":1,"14":1,"15":1,"16":1,"17":1,"18":1,"19":1,"20":1,"21":1},"f":{"0":1,"1":2,"2":1,"3":1,"4":2,"5":2,"6":1,"7":1,"8":1,"9":1,"10":1},"b":{},"_coverageSchema":"332fd63041d2c1bcb487cc26dd0d5f7d97098a6c","hash":"9c54a1ef176ccf76f8d7c7672123923dc74ace66","contentHash":"04e7de3401145d0a6ff71949736a2618_11.4.1"},"/Users/mimi/Grace-Hopper/srphase/muggers/client/components/user-home.spec.js":{"path":"/Users/mimi/Grace-Hopper/srphase/muggers/client/components/user-home.spec.js","statementMap":{"0":{"start":{"line":3,"column":16},"end":{"line":3,"column":38}},"1":{"start":{"line":5,"column":12},"end":{"line":5,"column":27}},"2":{"start":{"line":7,"column":14},"end":{"line":7,"column":31}},"3":{"start":{"line":9,"column":15},"end":{"line":9,"column":46}},"4":{"start":{"line":11,"column":13},"end":{"line":11,"column":29}},"5":{"start":{"line":13,"column":14},"end":{"line":13,"column":44}},"6":{"start":{"line":15,"column":16},"end":{"line":15,"column":38}},"7":{"start":{"line":17,"column":26},"end":{"line":17,"column":60}},"8":{"start":{"line":19,"column":27},"end":{"line":19,"column":70}},"9":{"start":{"line":21,"column":39},"end":{"line":21,"column":93}},"10":{"start":{"line":24,"column":14},"end":{"line":24,"column":48}},"11":{"start":{"line":25,"column":0},"end":{"line":25,"column":49}},"12":{"start":{"line":27,"column":0},"end":{"line":46,"column":3}},"13":{"start":{"line":29,"column":17},"end":{"line":29,"column":23}},"14":{"start":{"line":31,"column":2},"end":{"line":33,"column":5}},"15":{"start":{"line":32,"column":4},"end":{"line":32,"column":116}},"16":{"start":{"line":35,"column":2},"end":{"line":37,"column":5}},"17":{"start":{"line":36,"column":4},"end":{"line":36,"column":89}},"18":{"start":{"line":39,"column":2},"end":{"line":45,"column":5}},"19":{"start":{"line":40,"column":20},"end":{"line":40,"column":56}},"20":{"start":{"line":41,"column":4},"end":{"line":44,"column":7}},"21":{"start":{"line":43,"column":6},"end":{"line":43,"column":95}},"22":{"start":{"line":48,"column":0},"end":{"line":65,"column":3}},"23":{"start":{"line":49,"column":2},"end":{"line":64,"column":5}},"24":{"start":{"line":50,"column":20},"end":{"line":52,"column":5}},"25":{"start":{"line":54,"column":4},"end":{"line":56,"column":7}},"26":{"start":{"line":55,"column":6},"end":{"line":55,"column":73}},"27":{"start":{"line":58,"column":4},"end":{"line":63,"column":7}},"28":{"start":{"line":59,"column":21},"end":{"line":59,"column":119}},"29":{"start":{"line":60,"column":6},"end":{"line":62,"column":9}},"30":{"start":{"line":61,"column":8},"end":{"line":61,"column":91}}},"fnMap":{"0":{"name":"_interopRequireDefault","decl":{"start":{"line":21,"column":9},"end":{"line":21,"column":31}},"loc":{"start":{"line":21,"column":37},"end":{"line":21,"column":95}},"line":21},"1":{"name":"(anonymous_1)","decl":{"start":{"line":27,"column":21},"end":{"line":27,"column":22}},"loc":{"start":{"line":27,"column":33},"end":{"line":46,"column":1}},"line":27},"2":{"name":"(anonymous_2)","decl":{"start":{"line":31,"column":13},"end":{"line":31,"column":14}},"loc":{"start":{"line":31,"column":25},"end":{"line":33,"column":3}},"line":31},"3":{"name":"(anonymous_3)","decl":{"start":{"line":35,"column":35},"end":{"line":35,"column":36}},"loc":{"start":{"line":35,"column":47},"end":{"line":37,"column":3}},"line":35},"4":{"name":"(anonymous_4)","decl":{"start":{"line":39,"column":36},"end":{"line":39,"column":37}},"loc":{"start":{"line":39,"column":48},"end":{"line":45,"column":3}},"line":39},"5":{"name":"(anonymous_5)","decl":{"start":{"line":41,"column":40},"end":{"line":41,"column":41}},"loc":{"start":{"line":41,"column":52},"end":{"line":44,"column":5}},"line":41},"6":{"name":"(anonymous_6)","decl":{"start":{"line":48,"column":22},"end":{"line":48,"column":23}},"loc":{"start":{"line":48,"column":34},"end":{"line":65,"column":1}},"line":48},"7":{"name":"(anonymous_7)","decl":{"start":{"line":49,"column":33},"end":{"line":49,"column":34}},"loc":{"start":{"line":49,"column":45},"end":{"line":64,"column":3}},"line":49},"8":{"name":"(anonymous_8)","decl":{"start":{"line":54,"column":37},"end":{"line":54,"column":38}},"loc":{"start":{"line":54,"column":49},"end":{"line":56,"column":5}},"line":54},"9":{"name":"(anonymous_9)","decl":{"start":{"line":58,"column":36},"end":{"line":58,"column":37}},"loc":{"start":{"line":58,"column":48},"end":{"line":63,"column":5}},"line":58},"10":{"name":"(anonymous_10)","decl":{"start":{"line":60,"column":57},"end":{"line":60,"column":58}},"loc":{"start":{"line":60,"column":69},"end":{"line":62,"column":7}},"line":60}},"branchMap":{"0":{"loc":{"start":{"line":21,"column":46},"end":{"line":21,"column":92}},"type":"cond-expr","locations":[{"start":{"line":21,"column":70},"end":{"line":21,"column":73}},{"start":{"line":21,"column":76},"end":{"line":21,"column":92}}],"line":21},"1":{"loc":{"start":{"line":21,"column":46},"end":{"line":21,"column":67}},"type":"binary-expr","locations":[{"start":{"line":21,"column":46},"end":{"line":21,"column":49}},{"start":{"line":21,"column":53},"end":{"line":21,"column":67}}],"line":21}},"s":{"0":1,"1":1,"2":1,"3":1,"4":1,"5":1,"6":1,"7":1,"8":1,"9":3,"10":1,"11":1,"12":1,"13":1,"14":1,"15":2,"16":1,"17":1,"18":1,"19":1,"20":1,"21":1,"22":1,"23":1,"24":1,"25":1,"26":1,"27":1,"28":1,"29":1,"30":1},"f":{"0":3,"1":1,"2":2,"3":1,"4":1,"5":1,"6":1,"7":1,"8":1,"9":1,"10":1},"b":{"0":[0,3],"1":[3,3]},"_coverageSchema":"332fd63041d2c1bcb487cc26dd0d5f7d97098a6c","hash":"8176e0c3ca10a8ee27d83a4e441f728d8f4e0fae","contentHash":"461b8a3db255574f0e4cda664474b876_11.4.1"},"/Users/mimi/Grace-Hopper/srphase/muggers/client/components/user-home.js":{"path":"/Users/mimi/Grace-Hopper/srphase/muggers/client/components/user-home.js","statementMap":{"0":{"start":{"line":3,"column":0},"end":{"line":5,"column":3}},"1":{"start":{"line":6,"column":0},"end":{"line":6,"column":48}},"2":{"start":{"line":8,"column":13},"end":{"line":8,"column":29}},"3":{"start":{"line":10,"column":14},"end":{"line":10,"column":44}},"4":{"start":{"line":12,"column":17},"end":{"line":12,"column":38}},"5":{"start":{"line":14,"column":18},"end":{"line":14,"column":52}},"6":{"start":{"line":16,"column":18},"end":{"line":16,"column":40}},"7":{"start":{"line":18,"column":39},"end":{"line":18,"column":93}},"8":{"start":{"line":23,"column":15},"end":{"line":45,"column":1}},"9":{"start":{"line":24,"column":17},"end":{"line":24,"column":31}},"10":{"start":{"line":25,"column":14},"end":{"line":25,"column":25}},"11":{"start":{"line":28,"column":13},"end":{"line":28,"column":19}},"12":{"start":{"line":29,"column":2},"end":{"line":33,"column":3}},"13":{"start":{"line":30,"column":4},"end":{"line":30,"column":49}},"14":{"start":{"line":30,"column":16},"end":{"line":30,"column":31}},"15":{"start":{"line":30,"column":36},"end":{"line":30,"column":49}},"16":{"start":{"line":32,"column":4},"end":{"line":32,"column":20}},"17":{"start":{"line":35,"column":2},"end":{"line":44,"column":4}},"18":{"start":{"line":50,"column":15},"end":{"line":55,"column":1}},"19":{"start":{"line":51,"column":2},"end":{"line":54,"column":4}},"20":{"start":{"line":57,"column":0},"end":{"line":57,"column":63}},"21":{"start":{"line":63,"column":0},"end":{"line":66,"column":2}}},"fnMap":{"0":{"name":"_interopRequireDefault","decl":{"start":{"line":18,"column":9},"end":{"line":18,"column":31}},"loc":{"start":{"line":18,"column":37},"end":{"line":18,"column":95}},"line":18},"1":{"name":"UserHome","decl":{"start":{"line":23,"column":43},"end":{"line":23,"column":51}},"loc":{"start":{"line":23,"column":59},"end":{"line":45,"column":1}},"line":23},"2":{"name":"mapState","decl":{"start":{"line":50,"column":43},"end":{"line":50,"column":51}},"loc":{"start":{"line":50,"column":59},"end":{"line":55,"column":1}},"line":50}},"branchMap":{"0":{"loc":{"start":{"line":18,"column":46},"end":{"line":18,"column":92}},"type":"cond-expr","locations":[{"start":{"line":18,"column":70},"end":{"line":18,"column":73}},{"start":{"line":18,"column":76},"end":{"line":18,"column":92}}],"line":18},"1":{"loc":{"start":{"line":18,"column":46},"end":{"line":18,"column":67}},"type":"binary-expr","locations":[{"start":{"line":18,"column":46},"end":{"line":18,"column":49}},{"start":{"line":18,"column":53},"end":{"line":18,"column":67}}],"line":18},"2":{"loc":{"start":{"line":29,"column":2},"end":{"line":33,"column":3}},"type":"if","locations":[{"start":{"line":29,"column":2},"end":{"line":33,"column":3}},{"start":{"line":29,"column":2},"end":{"line":33,"column":3}}],"line":29},"3":{"loc":{"start":{"line":30,"column":4},"end":{"line":30,"column":49}},"type":"if","locations":[{"start":{"line":30,"column":4},"end":{"line":30,"column":49}},{"start":{"line":30,"column":4},"end":{"line":30,"column":49}}],"line":30}},"s":{"0":1,"1":1,"2":1,"3":1,"4":1,"5":1,"6":1,"7":2,"8":1,"9":3,"10":3,"11":3,"12":3,"13":0,"14":0,"15":0,"16":3,"17":3,"18":1,"19":1,"20":1,"21":1},"f":{"0":2,"1":3,"2":1},"b":{"0":[0,2],"1":[2,2],"2":[0,3],"3":[0,0]},"_coverageSchema":"332fd63041d2c1bcb487cc26dd0d5f7d97098a6c","hash":"0f0f1b15025328f72837f3b4d5ebea2b6d463fc9","contentHash":"abafefed09aeaf4160af8cd96b88d657_11.4.1"},"/Users/mimi/Grace-Hopper/srphase/muggers/client/components/auth-form.js":{"path":"/Users/mimi/Grace-Hopper/srphase/muggers/client/components/auth-form.js","statementMap":{"0":{"start":{"line":3,"column":0},"end":{"line":5,"column":3}},"1":{"start":{"line":6,"column":0},"end":{"line":6,"column":63}},"2":{"start":{"line":8,"column":13},"end":{"line":8,"column":29}},"3":{"start":{"line":10,"column":14},"end":{"line":10,"column":44}},"4":{"start":{"line":12,"column":18},"end":{"line":12,"column":40}},"5":{"start":{"line":14,"column":17},"end":{"line":14,"column":38}},"6":{"start":{"line":16,"column":18},"end":{"line":16,"column":52}},"7":{"start":{"line":18,"column":13},"end":{"line":18,"column":32}},"8":{"start":{"line":20,"column":39},"end":{"line":20,"column":93}},"9":{"start":{"line":26,"column":15},"end":{"line":123,"column":1}},"10":{"start":{"line":27,"column":13},"end":{"line":27,"column":23}},"11":{"start":{"line":28,"column":20},"end":{"line":28,"column":37}},"12":{"start":{"line":29,"column":21},"end":{"line":29,"column":39}},"13":{"start":{"line":30,"column":14},"end":{"line":30,"column":25}},"14":{"start":{"line":32,"column":2},"end":{"line":122,"column":4}},"15":{"start":{"line":132,"column":15},"end":{"line":138,"column":1}},"16":{"start":{"line":133,"column":2},"end":{"line":137,"column":4}},"17":{"start":{"line":140,"column":16},"end":{"line":146,"column":1}},"18":{"start":{"line":141,"column":2},"end":{"line":145,"column":4}},"19":{"start":{"line":148,"column":18},"end":{"line":160,"column":1}},"20":{"start":{"line":149,"column":2},"end":{"line":159,"column":4}},"21":{"start":{"line":151,"column":6},"end":{"line":151,"column":27}},"22":{"start":{"line":152,"column":21},"end":{"line":152,"column":36}},"23":{"start":{"line":153,"column":18},"end":{"line":153,"column":40}},"24":{"start":{"line":154,"column":21},"end":{"line":154,"column":46}},"25":{"start":{"line":155,"column":22},"end":{"line":155,"column":72}},"26":{"start":{"line":156,"column":21},"end":{"line":156,"column":69}},"27":{"start":{"line":157,"column":6},"end":{"line":157,"column":81}},"28":{"start":{"line":162,"column":12},"end":{"line":162,"column":85}},"29":{"start":{"line":163,"column":13},"end":{"line":163,"column":88}},"30":{"start":{"line":168,"column":0},"end":{"line":173,"column":2}}},"fnMap":{"0":{"name":"_interopRequireDefault","decl":{"start":{"line":20,"column":9},"end":{"line":20,"column":31}},"loc":{"start":{"line":20,"column":37},"end":{"line":20,"column":95}},"line":20},"1":{"name":"AuthForm","decl":{"start":{"line":26,"column":24},"end":{"line":26,"column":32}},"loc":{"start":{"line":26,"column":40},"end":{"line":123,"column":1}},"line":26},"2":{"name":"mapLogin","decl":{"start":{"line":132,"column":24},"end":{"line":132,"column":32}},"loc":{"start":{"line":132,"column":40},"end":{"line":138,"column":1}},"line":132},"3":{"name":"mapSignup","decl":{"start":{"line":140,"column":45},"end":{"line":140,"column":54}},"loc":{"start":{"line":140,"column":62},"end":{"line":146,"column":1}},"line":140},"4":{"name":"mapDispatch","decl":{"start":{"line":148,"column":27},"end":{"line":148,"column":38}},"loc":{"start":{"line":148,"column":49},"end":{"line":160,"column":1}},"line":148},"5":{"name":"handleSubmit","decl":{"start":{"line":150,"column":27},"end":{"line":150,"column":39}},"loc":{"start":{"line":150,"column":45},"end":{"line":158,"column":5}},"line":150}},"branchMap":{"0":{"loc":{"start":{"line":20,"column":46},"end":{"line":20,"column":92}},"type":"cond-expr","locations":[{"start":{"line":20,"column":70},"end":{"line":20,"column":73}},{"start":{"line":20,"column":76},"end":{"line":20,"column":92}}],"line":20},"1":{"loc":{"start":{"line":20,"column":46},"end":{"line":20,"column":67}},"type":"binary-expr","locations":[{"start":{"line":20,"column":46},"end":{"line":20,"column":49}},{"start":{"line":20,"column":53},"end":{"line":20,"column":67}}],"line":20},"2":{"loc":{"start":{"line":38,"column":6},"end":{"line":70,"column":7}},"type":"binary-expr","locations":[{"start":{"line":38,"column":6},"end":{"line":38,"column":23}},{"start":{"line":38,"column":27},"end":{"line":70,"column":7}}],"line":38},"3":{"loc":{"start":{"line":108,"column":6},"end":{"line":114,"column":7}},"type":"binary-expr","locations":[{"start":{"line":108,"column":6},"end":{"line":108,"column":11}},{"start":{"line":108,"column":15},"end":{"line":108,"column":29}},{"start":{"line":108,"column":33},"end":{"line":114,"column":7}}],"line":108},"4":{"loc":{"start":{"line":155,"column":22},"end":{"line":155,"column":72}},"type":"binary-expr","locations":[{"start":{"line":155,"column":22},"end":{"line":155,"column":42}},{"start":{"line":155,"column":46},"end":{"line":155,"column":72}}],"line":155},"5":{"loc":{"start":{"line":156,"column":21},"end":{"line":156,"column":69}},"type":"binary-expr","locations":[{"start":{"line":156,"column":21},"end":{"line":156,"column":40}},{"start":{"line":156,"column":44},"end":{"line":156,"column":69}}],"line":156}},"s":{"0":1,"1":1,"2":1,"3":1,"4":1,"5":1,"6":1,"7":1,"8":2,"9":1,"10":0,"11":0,"12":0,"13":0,"14":0,"15":1,"16":0,"17":1,"18":0,"19":1,"20":0,"21":0,"22":0,"23":0,"24":0,"25":0,"26":0,"27":0,"28":1,"29":1,"30":1},"f":{"0":2,"1":0,"2":0,"3":0,"4":0,"5":0},"b":{"0":[0,2],"1":[2,2],"2":[0,0],"3":[0,0,0],"4":[0,0],"5":[0,0]},"_coverageSchema":"332fd63041d2c1bcb487cc26dd0d5f7d97098a6c","hash":"1032480caba4f0becce9171fa746dc488a740c22","contentHash":"de410addf0dc104110d5181bf8ecbf49_11.4.1"},"/Users/mimi/Grace-Hopper/srphase/muggers/client/store/index.js":{"path":"/Users/mimi/Grace-Hopper/srphase/muggers/client/store/index.js","statementMap":{"0":{"start":{"line":3,"column":0},"end":{"line":5,"column":3}},"1":{"start":{"line":7,"column":12},"end":{"line":7,"column":29}},"2":{"start":{"line":9,"column":0},"end":{"line":17,"column":3}},"3":{"start":{"line":10,"column":2},"end":{"line":10,"column":56}},"4":{"start":{"line":10,"column":49},"end":{"line":10,"column":56}},"5":{"start":{"line":11,"column":2},"end":{"line":16,"column":5}},"6":{"start":{"line":14,"column":6},"end":{"line":14,"column":24}},"7":{"start":{"line":19,"column":13},"end":{"line":19,"column":31}},"8":{"start":{"line":21,"column":0},"end":{"line":29,"column":3}},"9":{"start":{"line":22,"column":2},"end":{"line":22,"column":56}},"10":{"start":{"line":22,"column":49},"end":{"line":22,"column":56}},"11":{"start":{"line":23,"column":2},"end":{"line":28,"column":5}},"12":{"start":{"line":26,"column":6},"end":{"line":26,"column":25}},"13":{"start":{"line":31,"column":16},"end":{"line":31,"column":37}},"14":{"start":{"line":33,"column":0},"end":{"line":41,"column":3}},"15":{"start":{"line":34,"column":2},"end":{"line":34,"column":56}},"16":{"start":{"line":34,"column":49},"end":{"line":34,"column":56}},"17":{"start":{"line":35,"column":2},"end":{"line":40,"column":5}},"18":{"start":{"line":38,"column":6},"end":{"line":38,"column":28}},"19":{"start":{"line":43,"column":16},"end":{"line":43,"column":37}},"20":{"start":{"line":45,"column":0},"end":{"line":53,"column":3}},"21":{"start":{"line":46,"column":2},"end":{"line":46,"column":56}},"22":{"start":{"line":46,"column":49},"end":{"line":46,"column":56}},"23":{"start":{"line":47,"column":2},"end":{"line":52,"column":5}},"24":{"start":{"line":50,"column":6},"end":{"line":50,"column":28}},"25":{"start":{"line":55,"column":17},"end":{"line":55,"column":39}},"26":{"start":{"line":57,"column":0},"end":{"line":65,"column":3}},"27":{"start":{"line":58,"column":2},"end":{"line":58,"column":56}},"28":{"start":{"line":58,"column":49},"end":{"line":58,"column":56}},"29":{"start":{"line":59,"column":2},"end":{"line":64,"column":5}},"30":{"start":{"line":62,"column":6},"end":{"line":62,"column":29}},"31":{"start":{"line":67,"column":13},"end":{"line":67,"column":29}},"32":{"start":{"line":69,"column":19},"end":{"line":69,"column":42}},"33":{"start":{"line":71,"column":20},"end":{"line":71,"column":56}},"34":{"start":{"line":73,"column":18},"end":{"line":73,"column":40}},"35":{"start":{"line":75,"column":19},"end":{"line":75,"column":54}},"36":{"start":{"line":77,"column":30},"end":{"line":77,"column":65}},"37":{"start":{"line":79,"column":13},"end":{"line":79,"column":42}},"38":{"start":{"line":81,"column":22},"end":{"line":81,"column":49}},"39":{"start":{"line":83,"column":23},"end":{"line":83,"column":62}},"40":{"start":{"line":85,"column":23},"end":{"line":85,"column":51}},"41":{"start":{"line":87,"column":24},"end":{"line":87,"column":64}},"42":{"start":{"line":89,"column":22},"end":{"line":89,"column":49}},"43":{"start":{"line":91,"column":23},"end":{"line":91,"column":62}},"44":{"start":{"line":93,"column":17},"end":{"line":93,"column":50}},"45":{"start":{"line":95,"column":14},"end":{"line":95,"column":33}},"46":{"start":{"line":97,"column":15},"end":{"line":97,"column":46}},"47":{"start":{"line":99,"column":14},"end":{"line":99,"column":44}},"48":{"start":{"line":101,"column":17},"end":{"line":101,"column":50}},"49":{"start":{"line":103,"column":18},"end":{"line":103,"column":52}},"50":{"start":{"line":105,"column":39},"end":{"line":105,"column":93}},"51":{"start":{"line":107,"column":14},"end":{"line":117,"column":2}},"52":{"start":{"line":119,"column":17},"end":{"line":119,"column":165}},"53":{"start":{"line":120,"column":12},"end":{"line":120,"column":56}},"54":{"start":{"line":122,"column":0},"end":{"line":122,"column":24}}},"fnMap":{"0":{"name":"(anonymous_0)","decl":{"start":{"line":9,"column":27},"end":{"line":9,"column":28}},"loc":{"start":{"line":9,"column":42},"end":{"line":17,"column":1}},"line":9},"1":{"name":"get","decl":{"start":{"line":13,"column":18},"end":{"line":13,"column":21}},"loc":{"start":{"line":13,"column":24},"end":{"line":15,"column":5}},"line":13},"2":{"name":"(anonymous_2)","decl":{"start":{"line":21,"column":28},"end":{"line":21,"column":29}},"loc":{"start":{"line":21,"column":43},"end":{"line":29,"column":1}},"line":21},"3":{"name":"get","decl":{"start":{"line":25,"column":18},"end":{"line":25,"column":21}},"loc":{"start":{"line":25,"column":24},"end":{"line":27,"column":5}},"line":25},"4":{"name":"(anonymous_4)","decl":{"start":{"line":33,"column":31},"end":{"line":33,"column":32}},"loc":{"start":{"line":33,"column":46},"end":{"line":41,"column":1}},"line":33},"5":{"name":"get","decl":{"start":{"line":37,"column":18},"end":{"line":37,"column":21}},"loc":{"start":{"line":37,"column":24},"end":{"line":39,"column":5}},"line":37},"6":{"name":"(anonymous_6)","decl":{"start":{"line":45,"column":31},"end":{"line":45,"column":32}},"loc":{"start":{"line":45,"column":46},"end":{"line":53,"column":1}},"line":45},"7":{"name":"get","decl":{"start":{"line":49,"column":18},"end":{"line":49,"column":21}},"loc":{"start":{"line":49,"column":24},"end":{"line":51,"column":5}},"line":49},"8":{"name":"(anonymous_8)","decl":{"start":{"line":57,"column":32},"end":{"line":57,"column":33}},"loc":{"start":{"line":57,"column":47},"end":{"line":65,"column":1}},"line":57},"9":{"name":"get","decl":{"start":{"line":61,"column":18},"end":{"line":61,"column":21}},"loc":{"start":{"line":61,"column":24},"end":{"line":63,"column":5}},"line":61},"10":{"name":"_interopRequireDefault","decl":{"start":{"line":105,"column":9},"end":{"line":105,"column":31}},"loc":{"start":{"line":105,"column":37},"end":{"line":105,"column":95}},"line":105}},"branchMap":{"0":{"loc":{"start":{"line":10,"column":2},"end":{"line":10,"column":56}},"type":"if","locations":[{"start":{"line":10,"column":2},"end":{"line":10,"column":56}},{"start":{"line":10,"column":2},"end":{"line":10,"column":56}}],"line":10},"1":{"loc":{"start":{"line":10,"column":6},"end":{"line":10,"column":47}},"type":"binary-expr","locations":[{"start":{"line":10,"column":6},"end":{"line":10,"column":23}},{"start":{"line":10,"column":27},"end":{"line":10,"column":47}}],"line":10},"2":{"loc":{"start":{"line":22,"column":2},"end":{"line":22,"column":56}},"type":"if","locations":[{"start":{"line":22,"column":2},"end":{"line":22,"column":56}},{"start":{"line":22,"column":2},"end":{"line":22,"column":56}}],"line":22},"3":{"loc":{"start":{"line":22,"column":6},"end":{"line":22,"column":47}},"type":"binary-expr","locations":[{"start":{"line":22,"column":6},"end":{"line":22,"column":23}},{"start":{"line":22,"column":27},"end":{"line":22,"column":47}}],"line":22},"4":{"loc":{"start":{"line":34,"column":2},"end":{"line":34,"column":56}},"type":"if","locations":[{"start":{"line":34,"column":2},"end":{"line":34,"column":56}},{"start":{"line":34,"column":2},"end":{"line":34,"column":56}}],"line":34},"5":{"loc":{"start":{"line":34,"column":6},"end":{"line":34,"column":47}},"type":"binary-expr","locations":[{"start":{"line":34,"column":6},"end":{"line":34,"column":23}},{"start":{"line":34,"column":27},"end":{"line":34,"column":47}}],"line":34},"6":{"loc":{"start":{"line":46,"column":2},"end":{"line":46,"column":56}},"type":"if","locations":[{"start":{"line":46,"column":2},"end":{"line":46,"column":56}},{"start":{"line":46,"column":2},"end":{"line":46,"column":56}}],"line":46},"7":{"loc":{"start":{"line":46,"column":6},"end":{"line":46,"column":47}},"type":"binary-expr","locations":[{"start":{"line":46,"column":6},"end":{"line":46,"column":23}},{"start":{"line":46,"column":27},"end":{"line":46,"column":47}}],"line":46},"8":{"loc":{"start":{"line":58,"column":2},"end":{"line":58,"column":56}},"type":"if","locations":[{"start":{"line":58,"column":2},"end":{"line":58,"column":56}},{"start":{"line":58,"column":2},"end":{"line":58,"column":56}}],"line":58},"9":{"loc":{"start":{"line":58,"column":6},"end":{"line":58,"column":47}},"type":"binary-expr","locations":[{"start":{"line":58,"column":6},"end":{"line":58,"column":23}},{"start":{"line":58,"column":27},"end":{"line":58,"column":47}}],"line":58},"10":{"loc":{"start":{"line":105,"column":46},"end":{"line":105,"column":92}},"type":"cond-expr","locations":[{"start":{"line":105,"column":70},"end":{"line":105,"column":73}},{"start":{"line":105,"column":76},"end":{"line":105,"column":92}}],"line":105},"11":{"loc":{"start":{"line":105,"column":46},"end":{"line":105,"column":67}},"type":"binary-expr","locations":[{"start":{"line":105,"column":46},"end":{"line":105,"column":49}},{"start":{"line":105,"column":53},"end":{"line":105,"column":67}}],"line":105}},"s":{"0":1,"1":1,"2":1,"3":8,"4":1,"5":7,"6":0,"7":1,"8":1,"9":4,"10":1,"11":3,"12":0,"13":1,"14":1,"15":2,"16":1,"17":1,"18":0,"19":1,"20":1,"21":7,"22":1,"23":6,"24":0,"25":1,"26":1,"27":3,"28":1,"29":2,"30":0,"31":1,"32":1,"33":1,"34":1,"35":1,"36":1,"37":1,"38":1,"39":1,"40":1,"41":1,"42":1,"43":1,"44":1,"45":1,"46":1,"47":1,"48":1,"49":1,"50":11,"51":1,"52":1,"53":1,"54":1},"f":{"0":8,"1":0,"2":4,"3":0,"4":2,"5":0,"6":7,"7":0,"8":3,"9":0,"10":11},"b":{"0":[1,7],"1":[8,7],"2":[1,3],"3":[4,3],"4":[1,1],"5":[2,1],"6":[1,6],"7":[7,6],"8":[1,2],"9":[3,2],"10":[10,1],"11":[11,11]},"_coverageSchema":"332fd63041d2c1bcb487cc26dd0d5f7d97098a6c","hash":"494d47edd5eb65d79b4b9cb40cc7abe978f0ede9","contentHash":"57b8b185034720a3eef23cecd8944aae_11.4.1"},"/Users/mimi/Grace-Hopper/srphase/muggers/client/store/user.js":{"path":"/Users/mimi/Grace-Hopper/srphase/muggers/client/store/user.js","statementMap":{"0":{"start":{"line":3,"column":0},"end":{"line":5,"column":3}},"1":{"start":{"line":6,"column":0},"end":{"line":6,"column":138}},"2":{"start":{"line":8,"column":0},"end":{"line":22,"column":2}},"3":{"start":{"line":9,"column":14},"end":{"line":9,"column":93}},"4":{"start":{"line":10,"column":15},"end":{"line":10,"column":27}},"5":{"start":{"line":12,"column":2},"end":{"line":21,"column":3}},"6":{"start":{"line":14,"column":6},"end":{"line":14,"column":25}},"7":{"start":{"line":16,"column":6},"end":{"line":16,"column":25}},"8":{"start":{"line":18,"column":6},"end":{"line":18,"column":25}},"9":{"start":{"line":20,"column":6},"end":{"line":20,"column":19}},"10":{"start":{"line":24,"column":13},"end":{"line":24,"column":29}},"11":{"start":{"line":26,"column":14},"end":{"line":26,"column":44}},"12":{"start":{"line":28,"column":15},"end":{"line":28,"column":36}},"13":{"start":{"line":30,"column":16},"end":{"line":30,"column":48}},"14":{"start":{"line":32,"column":39},"end":{"line":32,"column":93}},"15":{"start":{"line":37,"column":15},"end":{"line":37,"column":25}},"16":{"start":{"line":38,"column":18},"end":{"line":38,"column":31}},"17":{"start":{"line":39,"column":18},"end":{"line":39,"column":31}},"18":{"start":{"line":44,"column":18},"end":{"line":44,"column":20}},"19":{"start":{"line":49,"column":14},"end":{"line":51,"column":1}},"20":{"start":{"line":50,"column":2},"end":{"line":50,"column":40}},"21":{"start":{"line":52,"column":17},"end":{"line":54,"column":1}},"22":{"start":{"line":53,"column":2},"end":{"line":53,"column":31}},"23":{"start":{"line":55,"column":17},"end":{"line":57,"column":1}},"24":{"start":{"line":56,"column":2},"end":{"line":56,"column":43}},"25":{"start":{"line":62,"column":9},"end":{"line":70,"column":1}},"26":{"start":{"line":63,"column":2},"end":{"line":69,"column":4}},"27":{"start":{"line":64,"column":4},"end":{"line":68,"column":7}},"28":{"start":{"line":65,"column":6},"end":{"line":65,"column":56}},"29":{"start":{"line":67,"column":6},"end":{"line":67,"column":30}},"30":{"start":{"line":72,"column":11},"end":{"line":84,"column":1}},"31":{"start":{"line":73,"column":2},"end":{"line":83,"column":4}},"32":{"start":{"line":74,"column":4},"end":{"line":82,"column":7}},"33":{"start":{"line":75,"column":6},"end":{"line":75,"column":34}},"34":{"start":{"line":76,"column":6},"end":{"line":76,"column":38}},"35":{"start":{"line":79,"column":6},"end":{"line":79,"column":46}},"36":{"start":{"line":81,"column":6},"end":{"line":81,"column":49}},"37":{"start":{"line":86,"column":13},"end":{"line":95,"column":1}},"38":{"start":{"line":87,"column":2},"end":{"line":94,"column":4}},"39":{"start":{"line":88,"column":4},"end":{"line":93,"column":7}},"40":{"start":{"line":89,"column":6},"end":{"line":89,"column":29}},"41":{"start":{"line":90,"column":6},"end":{"line":90,"column":39}},"42":{"start":{"line":92,"column":6},"end":{"line":92,"column":30}},"43":{"start":{"line":97,"column":19},"end":{"line":107,"column":1}},"44":{"start":{"line":98,"column":2},"end":{"line":106,"column":4}},"45":{"start":{"line":99,"column":4},"end":{"line":105,"column":7}},"46":{"start":{"line":100,"column":6},"end":{"line":100,"column":26}},"47":{"start":{"line":102,"column":6},"end":{"line":102,"column":47}},"48":{"start":{"line":104,"column":6},"end":{"line":104,"column":60}}},"fnMap":{"0":{"name":"(anonymous_0)","decl":{"start":{"line":8,"column":18},"end":{"line":8,"column":19}},"loc":{"start":{"line":8,"column":30},"end":{"line":22,"column":1}},"line":8},"1":{"name":"_interopRequireDefault","decl":{"start":{"line":32,"column":9},"end":{"line":32,"column":31}},"loc":{"start":{"line":32,"column":37},"end":{"line":32,"column":95}},"line":32},"2":{"name":"getUser","decl":{"start":{"line":49,"column":41},"end":{"line":49,"column":48}},"loc":{"start":{"line":49,"column":55},"end":{"line":51,"column":1}},"line":49},"3":{"name":"removeUser","decl":{"start":{"line":52,"column":47},"end":{"line":52,"column":57}},"loc":{"start":{"line":52,"column":60},"end":{"line":54,"column":1}},"line":52},"4":{"name":"updateUser","decl":{"start":{"line":55,"column":47},"end":{"line":55,"column":57}},"loc":{"start":{"line":55,"column":64},"end":{"line":57,"column":1}},"line":55},"5":{"name":"me","decl":{"start":{"line":62,"column":31},"end":{"line":62,"column":33}},"loc":{"start":{"line":62,"column":36},"end":{"line":70,"column":1}},"line":62},"6":{"name":"(anonymous_6)","decl":{"start":{"line":63,"column":9},"end":{"line":63,"column":10}},"loc":{"start":{"line":63,"column":29},"end":{"line":69,"column":3}},"line":63},"7":{"name":"(anonymous_7)","decl":{"start":{"line":64,"column":48},"end":{"line":64,"column":49}},"loc":{"start":{"line":64,"column":63},"end":{"line":66,"column":5}},"line":64},"8":{"name":"(anonymous_8)","decl":{"start":{"line":66,"column":13},"end":{"line":66,"column":14}},"loc":{"start":{"line":66,"column":28},"end":{"line":68,"column":5}},"line":66},"9":{"name":"auth","decl":{"start":{"line":72,"column":35},"end":{"line":72,"column":39}},"loc":{"start":{"line":72,"column":86},"end":{"line":84,"column":1}},"line":72},"10":{"name":"(anonymous_10)","decl":{"start":{"line":73,"column":9},"end":{"line":73,"column":10}},"loc":{"start":{"line":73,"column":29},"end":{"line":83,"column":3}},"line":73},"11":{"name":"(anonymous_11)","decl":{"start":{"line":74,"column":136},"end":{"line":74,"column":137}},"loc":{"start":{"line":74,"column":151},"end":{"line":77,"column":5}},"line":74},"12":{"name":"(anonymous_12)","decl":{"start":{"line":77,"column":7},"end":{"line":77,"column":8}},"loc":{"start":{"line":77,"column":28},"end":{"line":80,"column":5}},"line":77},"13":{"name":"(anonymous_13)","decl":{"start":{"line":80,"column":13},"end":{"line":80,"column":14}},"loc":{"start":{"line":80,"column":45},"end":{"line":82,"column":5}},"line":80},"14":{"name":"logout","decl":{"start":{"line":86,"column":39},"end":{"line":86,"column":45}},"loc":{"start":{"line":86,"column":48},"end":{"line":95,"column":1}},"line":86},"15":{"name":"(anonymous_15)","decl":{"start":{"line":87,"column":9},"end":{"line":87,"column":10}},"loc":{"start":{"line":87,"column":29},"end":{"line":94,"column":3}},"line":87},"16":{"name":"(anonymous_16)","decl":{"start":{"line":88,"column":53},"end":{"line":88,"column":54}},"loc":{"start":{"line":88,"column":66},"end":{"line":91,"column":5}},"line":88},"17":{"name":"(anonymous_17)","decl":{"start":{"line":91,"column":13},"end":{"line":91,"column":14}},"loc":{"start":{"line":91,"column":28},"end":{"line":93,"column":5}},"line":91},"18":{"name":"updatingUser","decl":{"start":{"line":97,"column":51},"end":{"line":97,"column":63}},"loc":{"start":{"line":97,"column":70},"end":{"line":107,"column":1}},"line":97},"19":{"name":"(anonymous_19)","decl":{"start":{"line":98,"column":9},"end":{"line":98,"column":10}},"loc":{"start":{"line":98,"column":29},"end":{"line":106,"column":3}},"line":98},"20":{"name":"(anonymous_20)","decl":{"start":{"line":99,"column":60},"end":{"line":99,"column":61}},"loc":{"start":{"line":99,"column":79},"end":{"line":101,"column":5}},"line":99},"21":{"name":"(anonymous_21)","decl":{"start":{"line":101,"column":12},"end":{"line":101,"column":13}},"loc":{"start":{"line":101,"column":35},"end":{"line":103,"column":5}},"line":101},"22":{"name":"(anonymous_22)","decl":{"start":{"line":103,"column":13},"end":{"line":103,"column":14}},"loc":{"start":{"line":103,"column":30},"end":{"line":105,"column":5}},"line":103}},"branchMap":{"0":{"loc":{"start":{"line":9,"column":14},"end":{"line":9,"column":93}},"type":"cond-expr","locations":[{"start":{"line":9,"column":67},"end":{"line":9,"column":79}},{"start":{"line":9,"column":82},"end":{"line":9,"column":93}}],"line":9},"1":{"loc":{"start":{"line":9,"column":14},"end":{"line":9,"column":64}},"type":"binary-expr","locations":[{"start":{"line":9,"column":14},"end":{"line":9,"column":34}},{"start":{"line":9,"column":38},"end":{"line":9,"column":64}}],"line":9},"2":{"loc":{"start":{"line":12,"column":2},"end":{"line":21,"column":3}},"type":"switch","locations":[{"start":{"line":13,"column":4},"end":{"line":14,"column":25}},{"start":{"line":15,"column":4},"end":{"line":16,"column":25}},{"start":{"line":17,"column":4},"end":{"line":18,"column":25}},{"start":{"line":19,"column":4},"end":{"line":20,"column":19}}],"line":12},"3":{"loc":{"start":{"line":32,"column":46},"end":{"line":32,"column":92}},"type":"cond-expr","locations":[{"start":{"line":32,"column":70},"end":{"line":32,"column":73}},{"start":{"line":32,"column":76},"end":{"line":32,"column":92}}],"line":32},"4":{"loc":{"start":{"line":32,"column":46},"end":{"line":32,"column":67}},"type":"binary-expr","locations":[{"start":{"line":32,"column":46},"end":{"line":32,"column":49}},{"start":{"line":32,"column":53},"end":{"line":32,"column":67}}],"line":32},"5":{"loc":{"start":{"line":65,"column":30},"end":{"line":65,"column":53}},"type":"binary-expr","locations":[{"start":{"line":65,"column":30},"end":{"line":65,"column":38}},{"start":{"line":65,"column":42},"end":{"line":65,"column":53}}],"line":65}},"s":{"0":1,"1":1,"2":1,"3":3,"4":3,"5":3,"6":0,"7":0,"8":0,"9":3,"10":1,"11":1,"12":1,"13":1,"14":2,"15":1,"16":1,"17":1,"18":1,"19":1,"20":1,"21":1,"22":1,"23":1,"24":0,"25":1,"26":1,"27":1,"28":1,"29":0,"30":1,"31":0,"32":0,"33":0,"34":0,"35":0,"36":0,"37":1,"38":1,"39":1,"40":1,"41":1,"42":0,"43":1,"44":0,"45":0,"46":0,"47":0,"48":0},"f":{"0":3,"1":2,"2":1,"3":1,"4":0,"5":1,"6":1,"7":1,"8":0,"9":0,"10":0,"11":0,"12":0,"13":0,"14":1,"15":1,"16":1,"17":0,"18":0,"19":0,"20":0,"21":0,"22":0},"b":{"0":[0,3],"1":[3,3],"2":[0,0,0,3],"3":[1,1],"4":[2,2],"5":[1,0]},"_coverageSchema":"332fd63041d2c1bcb487cc26dd0d5f7d97098a6c","hash":"c2e9f5d712d49d47ef38bf7e3f5bfe88fc94a7bf","contentHash":"5f20893129e71e90a9a4d035b0b8b398_11.4.1"},"/Users/mimi/Grace-Hopper/srphase/muggers/client/history.js":{"path":"/Users/mimi/Grace-Hopper/srphase/muggers/client/history.js","statementMap":{"0":{"start":{"line":3,"column":0},"end":{"line":5,"column":3}},"1":{"start":{"line":7,"column":28},"end":{"line":7,"column":67}},"2":{"start":{"line":9,"column":29},"end":{"line":9,"column":74}},"3":{"start":{"line":11,"column":27},"end":{"line":11,"column":65}},"4":{"start":{"line":13,"column":28},"end":{"line":13,"column":72}},"5":{"start":{"line":15,"column":39},"end":{"line":15,"column":93}},"6":{"start":{"line":17,"column":14},"end":{"line":17,"column":124}},"7":{"start":{"line":19,"column":0},"end":{"line":19,"column":26}}},"fnMap":{"0":{"name":"_interopRequireDefault","decl":{"start":{"line":15,"column":9},"end":{"line":15,"column":31}},"loc":{"start":{"line":15,"column":37},"end":{"line":15,"column":95}},"line":15}},"branchMap":{"0":{"loc":{"start":{"line":15,"column":46},"end":{"line":15,"column":92}},"type":"cond-expr","locations":[{"start":{"line":15,"column":70},"end":{"line":15,"column":73}},{"start":{"line":15,"column":76},"end":{"line":15,"column":92}}],"line":15},"1":{"loc":{"start":{"line":15,"column":46},"end":{"line":15,"column":67}},"type":"binary-expr","locations":[{"start":{"line":15,"column":46},"end":{"line":15,"column":49}},{"start":{"line":15,"column":53},"end":{"line":15,"column":67}}],"line":15},"2":{"loc":{"start":{"line":17,"column":14},"end":{"line":17,"column":124}},"type":"cond-expr","locations":[{"start":{"line":17,"column":48},"end":{"line":17,"column":84}},{"start":{"line":17,"column":87},"end":{"line":17,"column":124}}],"line":17}},"s":{"0":1,"1":1,"2":1,"3":1,"4":1,"5":2,"6":1,"7":1},"f":{"0":2},"b":{"0":[2,0],"1":[2,2],"2":[1,0]},"_coverageSchema":"332fd63041d2c1bcb487cc26dd0d5f7d97098a6c","hash":"92c3683929fcb7719e5c953f2b786a00f6ce3191","contentHash":"ba4c8984fcddebb15c2d0ab43fa31c1e_11.4.1"},"/Users/mimi/Grace-Hopper/srphase/muggers/client/store/order.js":{"path":"/Users/mimi/Grace-Hopper/srphase/muggers/client/store/order.js","statementMap":{"0":{"start":{"line":3,"column":0},"end":{"line":5,"column":3}},"1":{"start":{"line":6,"column":0},"end":{"line":6,"column":80}},"2":{"start":{"line":8,"column":0},"end":{"line":22,"column":2}},"3":{"start":{"line":9,"column":14},"end":{"line":9,"column":84}},"4":{"start":{"line":10,"column":15},"end":{"line":10,"column":27}},"5":{"start":{"line":12,"column":2},"end":{"line":21,"column":3}},"6":{"start":{"line":14,"column":6},"end":{"line":14,"column":26}},"7":{"start":{"line":16,"column":6},"end":{"line":16,"column":26}},"8":{"start":{"line":18,"column":6},"end":{"line":18,"column":26}},"9":{"start":{"line":20,"column":6},"end":{"line":20,"column":19}},"10":{"start":{"line":24,"column":13},"end":{"line":24,"column":29}},"11":{"start":{"line":26,"column":14},"end":{"line":26,"column":44}},"12":{"start":{"line":28,"column":39},"end":{"line":28,"column":93}},"13":{"start":{"line":33,"column":20},"end":{"line":33,"column":35}},"14":{"start":{"line":34,"column":14},"end":{"line":34,"column":23}},"15":{"start":{"line":35,"column":23},"end":{"line":35,"column":41}},"16":{"start":{"line":36,"column":16},"end":{"line":36,"column":27}},"17":{"start":{"line":44,"column":18},"end":{"line":49,"column":1}},"18":{"start":{"line":45,"column":2},"end":{"line":48,"column":4}},"19":{"start":{"line":56,"column":21},"end":{"line":61,"column":1}},"20":{"start":{"line":57,"column":2},"end":{"line":60,"column":4}},"21":{"start":{"line":63,"column":15},"end":{"line":68,"column":1}},"22":{"start":{"line":64,"column":2},"end":{"line":67,"column":4}},"23":{"start":{"line":74,"column":18},"end":{"line":78,"column":1}},"24":{"start":{"line":75,"column":2},"end":{"line":77,"column":5}},"25":{"start":{"line":76,"column":4},"end":{"line":76,"column":22}},"26":{"start":{"line":80,"column":17},"end":{"line":90,"column":1}},"27":{"start":{"line":81,"column":2},"end":{"line":89,"column":4}},"28":{"start":{"line":82,"column":4},"end":{"line":88,"column":7}},"29":{"start":{"line":83,"column":6},"end":{"line":83,"column":61}},"30":{"start":{"line":87,"column":6},"end":{"line":87,"column":30}},"31":{"start":{"line":92,"column":20},"end":{"line":106,"column":1}},"32":{"start":{"line":93,"column":15},"end":{"line":95,"column":3}},"33":{"start":{"line":96,"column":2},"end":{"line":105,"column":4}},"34":{"start":{"line":97,"column":4},"end":{"line":104,"column":7}},"35":{"start":{"line":98,"column":6},"end":{"line":98,"column":24}},"36":{"start":{"line":100,"column":6},"end":{"line":100,"column":36}},"37":{"start":{"line":101,"column":6},"end":{"line":101,"column":32}},"38":{"start":{"line":103,"column":6},"end":{"line":103,"column":30}},"39":{"start":{"line":108,"column":21},"end":{"line":123,"column":1}},"40":{"start":{"line":109,"column":2},"end":{"line":122,"column":4}},"41":{"start":{"line":110,"column":4},"end":{"line":121,"column":7}},"42":{"start":{"line":111,"column":20},"end":{"line":111,"column":41}},"43":{"start":{"line":112,"column":6},"end":{"line":118,"column":9}},"44":{"start":{"line":113,"column":8},"end":{"line":117,"column":11}},"45":{"start":{"line":114,"column":10},"end":{"line":114,"column":49}},"46":{"start":{"line":116,"column":10},"end":{"line":116,"column":34}},"47":{"start":{"line":120,"column":6},"end":{"line":120,"column":30}}},"fnMap":{"0":{"name":"(anonymous_0)","decl":{"start":{"line":8,"column":18},"end":{"line":8,"column":19}},"loc":{"start":{"line":8,"column":30},"end":{"line":22,"column":1}},"line":8},"1":{"name":"_interopRequireDefault","decl":{"start":{"line":28,"column":9},"end":{"line":28,"column":31}},"loc":{"start":{"line":28,"column":37},"end":{"line":28,"column":95}},"line":28},"2":{"name":"getOneOrder","decl":{"start":{"line":44,"column":27},"end":{"line":44,"column":38}},"loc":{"start":{"line":44,"column":46},"end":{"line":49,"column":1}},"line":44},"3":{"name":"deleteLineItem","decl":{"start":{"line":56,"column":30},"end":{"line":56,"column":44}},"loc":{"start":{"line":56,"column":52},"end":{"line":61,"column":1}},"line":56},"4":{"name":"checkout","decl":{"start":{"line":63,"column":24},"end":{"line":63,"column":32}},"loc":{"start":{"line":63,"column":40},"end":{"line":68,"column":1}},"line":63},"5":{"name":"orderGetter","decl":{"start":{"line":74,"column":27},"end":{"line":74,"column":38}},"loc":{"start":{"line":74,"column":48},"end":{"line":78,"column":1}},"line":74},"6":{"name":"(anonymous_6)","decl":{"start":{"line":75,"column":60},"end":{"line":75,"column":61}},"loc":{"start":{"line":75,"column":77},"end":{"line":77,"column":3}},"line":75},"7":{"name":"fetchOrder","decl":{"start":{"line":80,"column":47},"end":{"line":80,"column":57}},"loc":{"start":{"line":80,"column":67},"end":{"line":90,"column":1}},"line":80},"8":{"name":"thunk","decl":{"start":{"line":81,"column":18},"end":{"line":81,"column":23}},"loc":{"start":{"line":81,"column":34},"end":{"line":89,"column":3}},"line":81},"9":{"name":"(anonymous_9)","decl":{"start":{"line":82,"column":30},"end":{"line":82,"column":31}},"loc":{"start":{"line":82,"column":60},"end":{"line":84,"column":5}},"line":82},"10":{"name":"(anonymous_10)","decl":{"start":{"line":86,"column":11},"end":{"line":86,"column":12}},"loc":{"start":{"line":86,"column":26},"end":{"line":88,"column":5}},"line":86},"11":{"name":"checkoutOrder","decl":{"start":{"line":92,"column":53},"end":{"line":92,"column":66}},"loc":{"start":{"line":92,"column":85},"end":{"line":106,"column":1}},"line":92},"12":{"name":"thunk","decl":{"start":{"line":96,"column":18},"end":{"line":96,"column":23}},"loc":{"start":{"line":96,"column":34},"end":{"line":105,"column":3}},"line":96},"13":{"name":"(anonymous_13)","decl":{"start":{"line":97,"column":63},"end":{"line":97,"column":64}},"loc":{"start":{"line":97,"column":80},"end":{"line":99,"column":5}},"line":97},"14":{"name":"(anonymous_14)","decl":{"start":{"line":99,"column":12},"end":{"line":99,"column":13}},"loc":{"start":{"line":99,"column":33},"end":{"line":102,"column":5}},"line":99},"15":{"name":"(anonymous_15)","decl":{"start":{"line":102,"column":13},"end":{"line":102,"column":14}},"loc":{"start":{"line":102,"column":28},"end":{"line":104,"column":5}},"line":102},"16":{"name":"removeLineItem","decl":{"start":{"line":108,"column":55},"end":{"line":108,"column":69}},"loc":{"start":{"line":108,"column":82},"end":{"line":123,"column":1}},"line":108},"17":{"name":"thunk","decl":{"start":{"line":109,"column":18},"end":{"line":109,"column":23}},"loc":{"start":{"line":109,"column":34},"end":{"line":122,"column":3}},"line":109},"18":{"name":"(anonymous_18)","decl":{"start":{"line":110,"column":68},"end":{"line":110,"column":69}},"loc":{"start":{"line":110,"column":88},"end":{"line":119,"column":5}},"line":110},"19":{"name":"(anonymous_19)","decl":{"start":{"line":112,"column":66},"end":{"line":112,"column":67}},"loc":{"start":{"line":112,"column":78},"end":{"line":118,"column":7}},"line":112},"20":{"name":"(anonymous_20)","decl":{"start":{"line":113,"column":34},"end":{"line":113,"column":35}},"loc":{"start":{"line":113,"column":51},"end":{"line":115,"column":9}},"line":113},"21":{"name":"(anonymous_21)","decl":{"start":{"line":115,"column":17},"end":{"line":115,"column":18}},"loc":{"start":{"line":115,"column":32},"end":{"line":117,"column":9}},"line":115},"22":{"name":"(anonymous_22)","decl":{"start":{"line":119,"column":13},"end":{"line":119,"column":14}},"loc":{"start":{"line":119,"column":28},"end":{"line":121,"column":5}},"line":119}},"branchMap":{"0":{"loc":{"start":{"line":9,"column":14},"end":{"line":9,"column":84}},"type":"cond-expr","locations":[{"start":{"line":9,"column":67},"end":{"line":9,"column":79}},{"start":{"line":9,"column":82},"end":{"line":9,"column":84}}],"line":9},"1":{"loc":{"start":{"line":9,"column":14},"end":{"line":9,"column":64}},"type":"binary-expr","locations":[{"start":{"line":9,"column":14},"end":{"line":9,"column":34}},{"start":{"line":9,"column":38},"end":{"line":9,"column":64}}],"line":9},"2":{"loc":{"start":{"line":12,"column":2},"end":{"line":21,"column":3}},"type":"switch","locations":[{"start":{"line":13,"column":4},"end":{"line":14,"column":26}},{"start":{"line":15,"column":4},"end":{"line":16,"column":26}},{"start":{"line":17,"column":4},"end":{"line":18,"column":26}},{"start":{"line":19,"column":4},"end":{"line":20,"column":19}}],"line":12},"3":{"loc":{"start":{"line":28,"column":46},"end":{"line":28,"column":92}},"type":"cond-expr","locations":[{"start":{"line":28,"column":70},"end":{"line":28,"column":73}},{"start":{"line":28,"column":76},"end":{"line":28,"column":92}}],"line":28},"4":{"loc":{"start":{"line":28,"column":46},"end":{"line":28,"column":67}},"type":"binary-expr","locations":[{"start":{"line":28,"column":46},"end":{"line":28,"column":49}},{"start":{"line":28,"column":53},"end":{"line":28,"column":67}}],"line":28},"5":{"loc":{"start":{"line":83,"column":34},"end":{"line":83,"column":58}},"type":"binary-expr","locations":[{"start":{"line":83,"column":34},"end":{"line":83,"column":52}},{"start":{"line":83,"column":56},"end":{"line":83,"column":58}}],"line":83}},"s":{"0":1,"1":1,"2":1,"3":3,"4":3,"5":3,"6":0,"7":0,"8":0,"9":3,"10":1,"11":1,"12":1,"13":1,"14":1,"15":1,"16":1,"17":1,"18":0,"19":1,"20":0,"21":1,"22":0,"23":1,"24":0,"25":0,"26":1,"27":0,"28":0,"29":0,"30":0,"31":1,"32":0,"33":0,"34":0,"35":0,"36":0,"37":0,"38":0,"39":1,"40":0,"41":0,"42":0,"43":0,"44":0,"45":0,"46":0,"47":0},"f":{"0":3,"1":1,"2":0,"3":0,"4":0,"5":0,"6":0,"7":0,"8":0,"9":0,"10":0,"11":0,"12":0,"13":0,"14":0,"15":0,"16":0,"17":0,"18":0,"19":0,"20":0,"21":0,"22":0},"b":{"0":[0,3],"1":[3,3],"2":[0,0,0,3],"3":[0,1],"4":[1,1],"5":[0,0]},"_coverageSchema":"332fd63041d2c1bcb487cc26dd0d5f7d97098a6c","hash":"0a328f979830a776353daa6348f54245026334b3","contentHash":"5c9520f743fa77b41e727822cb42b9c8_11.4.1"},"/Users/mimi/Grace-Hopper/srphase/muggers/client/store/lineItem.js":{"path":"/Users/mimi/Grace-Hopper/srphase/muggers/client/store/lineItem.js","statementMap":{"0":{"start":{"line":3,"column":0},"end":{"line":5,"column":3}},"1":{"start":{"line":6,"column":0},"end":{"line":6,"column":32}},"2":{"start":{"line":8,"column":0},"end":{"line":18,"column":2}},"3":{"start":{"line":9,"column":14},"end":{"line":9,"column":84}},"4":{"start":{"line":10,"column":15},"end":{"line":10,"column":27}},"5":{"start":{"line":12,"column":2},"end":{"line":17,"column":3}},"6":{"start":{"line":14,"column":6},"end":{"line":14,"column":29}},"7":{"start":{"line":16,"column":6},"end":{"line":16,"column":19}},"8":{"start":{"line":20,"column":13},"end":{"line":20,"column":29}},"9":{"start":{"line":22,"column":14},"end":{"line":22,"column":44}},"10":{"start":{"line":24,"column":39},"end":{"line":24,"column":93}},"11":{"start":{"line":26,"column":22},"end":{"line":26,"column":39}},"12":{"start":{"line":28,"column":21},"end":{"line":33,"column":1}},"13":{"start":{"line":29,"column":2},"end":{"line":32,"column":4}},"14":{"start":{"line":35,"column":18},"end":{"line":48,"column":1}},"15":{"start":{"line":36,"column":2},"end":{"line":47,"column":4}},"16":{"start":{"line":37,"column":16},"end":{"line":39,"column":5}},"17":{"start":{"line":40,"column":4},"end":{"line":46,"column":7}},"18":{"start":{"line":41,"column":6},"end":{"line":41,"column":27}},"19":{"start":{"line":43,"column":6},"end":{"line":43,"column":52}},"20":{"start":{"line":45,"column":6},"end":{"line":45,"column":30}}},"fnMap":{"0":{"name":"(anonymous_0)","decl":{"start":{"line":8,"column":18},"end":{"line":8,"column":19}},"loc":{"start":{"line":8,"column":30},"end":{"line":18,"column":1}},"line":8},"1":{"name":"_interopRequireDefault","decl":{"start":{"line":24,"column":9},"end":{"line":24,"co
[...]
end":{"line":47,"column":1}},"line":37},"7":{"name":"(anonymous_7)","decl":{"start":{"line":38,"column":11},"end":{"line":38,"column":12}},"loc":{"start":{"line":38,"column":31},"end":{"line":46,"column":5}},"line":38},"8":{"name":"(anonymous_8)","decl":{"start":{"line":39,"column":51},"end":{"line":39,"column":52}},"loc":{"start":{"line":39,"column":70},"end":{"line":41,"column":9}},"line":39},"9":{"name":"(anonymous_9)","decl":{"start":{"line":41,"column":16},"end":{"line":41,"column":17}},"loc":{"start":{"line":41,"column":37},"end":{"line":43,"column":9}},"line":41},"10":{"name":"(anonymous_10)","decl":{"start":{"line":43,"column":17},"end":{"line":43,"column":18}},"loc":{"start":{"line":43,"column":34},"end":{"line":45,"column":9}},"line":43},"11":{"name":"createAddress","decl":{"start":{"line":49,"column":53},"end":{"line":49,"column":66}},"loc":{"start":{"line":49,"column":76},"end":{"line":59,"column":1}},"line":49},"12":{"name":"(anonymous_12)","decl":{"start":{"line":50,"column":11},"end":{"line":50,"column":12}},"loc":{"start":{"line":50,"column":31},"end":{"line":58,"column":5}},"line":50},"13":{"name":"(anonymous_13)","decl":{"start":{"line":51,"column":61},"end":{"line":51,"column":62}},"loc":{"start":{"line":51,"column":80},"end":{"line":53,"column":9}},"line":51},"14":{"name":"(anonymous_14)","decl":{"start":{"line":53,"column":16},"end":{"line":53,"column":17}},"loc":{"start":{"line":53,"column":38},"end":{"line":55,"column":9}},"line":53},"15":{"name":"(anonymous_15)","decl":{"start":{"line":55,"column":17},"end":{"line":55,"column":18}},"loc":{"start":{"line":55,"column":34},"end":{"line":57,"column":9}},"line":55},"16":{"name":"editAddress","decl":{"start":{"line":61,"column":49},"end":{"line":61,"column":60}},"loc":{"start":{"line":61,"column":70},"end":{"line":71,"column":1}},"line":61},"17":{"name":"(anonymous_17)","decl":{"start":{"line":62,"column":11},"end":{"line":62,"column":12}},"loc":{"start":{"line":62,"column":31},"end":{"line":70,"column":5}},"line":62},"18":{"name":"(anonymous_18)","decl":{"start":{"line":63,"column":74},"end":{"line":63,"column":75}},"loc":{"start":{"line":63,"column":93},"end":{"line":65,"column":9}},"line":63},"19":{"name":"(anonymous_19)","decl":{"start":{"line":65,"column":16},"end":{"line":65,"column":17}},"loc":{"start":{"line":65,"column":41},"end":{"line":67,"column":9}},"line":65},"20":{"name":"(anonymous_20)","decl":{"start":{"line":67,"column":17},"end":{"line":67,"column":18}},"loc":{"start":{"line":67,"column":34},"end":{"line":69,"column":9}},"line":67},"21":{"name":"removeAddress","decl":{"start":{"line":73,"column":53},"end":{"line":73,"column":66}},"loc":{"start":{"line":73,"column":71},"end":{"line":81,"column":1}},"line":73},"22":{"name":"(anonymous_22)","decl":{"start":{"line":74,"column":11},"end":{"line":74,"column":12}},"loc":{"start":{"line":74,"column":31},"end":{"line":80,"column":5}},"line":74},"23":{"name":"(anonymous_23)","decl":{"start":{"line":75,"column":58},"end":{"line":75,"column":59}},"loc":{"start":{"line":75,"column":70},"end":{"line":77,"column":9}},"line":75},"24":{"name":"(anonymous_24)","decl":{"start":{"line":77,"column":17},"end":{"line":77,"column":18}},"loc":{"start":{"line":77,"column":34},"end":{"line":79,"column":9}},"line":77},"25":{"name":"(anonymous_25)","decl":{"start":{"line":83,"column":18},"end":{"line":83,"column":19}},"loc":{"start":{"line":83,"column":30},"end":{"line":108,"column":1}},"line":83},"26":{"name":"(anonymous_26)","decl":{"start":{"line":96,"column":33},"end":{"line":96,"column":34}},"loc":{"start":{"line":96,"column":52},"end":{"line":98,"column":13}},"line":96},"27":{"name":"(anonymous_27)","decl":{"start":{"line":101,"column":36},"end":{"line":101,"column":37}},"loc":{"start":{"line":101,"column":55},"end":{"line":103,"column":13}},"line":101}},"branchMap":{"0":{"loc":{"start":{"line":12,"column":46},"end":{"line":12,"column":92}},"type":"cond-expr","locations":[{"start":{"line":12,"column":70},"end":{"line":12,"column":73}},{"start":{"line":12,"column":76},"end":{"line":12,"column":92}}],"line":12},"1":{"loc":{"start":{"line":12,"column":46},"end":{"line":12,"column":67}},"type":"binary-expr","locations":[{"start":{"line":12,"column":46},"end":{"line":12,"column":49}},{"start":{"line":12,"column":53},"end":{"line":12,"column":67}}],"line":12},"2":{"loc":{"start":{"line":14,"column":35},"end":{"line":14,"column":193}},"type":"if","locations":[{"start":{"line":14,"column":35},"end":{"line":14,"column":193}},{"start":{"line":14,"column":35},"end":{"line":14,"column":193}}],"line":14},"3":{"loc":{"start":{"line":84,"column":20},"end":{"line":84,"column":90}},"type":"cond-expr","locations":[{"start":{"line":84,"column":73},"end":{"line":84,"column":85}},{"start":{"line":84,"column":88},"end":{"line":84,"column":90}}],"line":84},"4":{"loc":{"start":{"line":84,"column":20},"end":{"line":84,"column":70}},"type":"binary-expr","locations":[{"start":{"line":84,"column":20},"end":{"line":84,"column":40}},{"start":{"line":84,"column":44},"end":{"line":84,"column":70}}],"line":84},"5":{"loc":{"start":{"line":88,"column":4},"end":{"line":107,"column":5}},"type":"switch","locations":[{"start":{"line":89,"column":8},"end":{"line":90,"column":36}},{"start":{"line":92,"column":8},"end":{"line":93,"column":78}},{"start":{"line":95,"column":8},"end":{"line":98,"column":15}},{"start":{"line":100,"column":8},"end":{"line":103,"column":15}},{"start":{"line":105,"column":8},"end":{"line":106,"column":29}}],"line":88},"6":{"loc":{"start":{"line":97,"column":23},"end":{"line":97,"column":82}},"type":"cond-expr","locations":[{"start":{"line":97,"column":58},"end":{"line":97,"column":72}},{"start":{"line":97,"column":75},"end":{"line":97,"column":82}}],"line":97}},"s":{"0":1,"1":1,"2":1,"3":1,"4":1,"5":0,"6":0,"7":0,"8":0,"9":0,"10":1,"11":1,"12":1,"13":1,"14":1,"15":0,"16":1,"17":0,"18":1,"19":0,"20":1,"21":0,"22":1,"23":0,"24":0,"25":0,"26":0,"27":0,"28":1,"29":0,"30":0,"31":0,"32":0,"33":0,"34":1,"35":0,"36":0,"37":0,"38":0,"39":0,"40":1,"41":0,"42":0,"43":0,"44":0,"45":1,"46":3,"47":3,"48":3,"49":0,"50":0,"51":0,"52":0,"53":0,"54":0,"55":3},"f":{"0":1,"1":0,"2":0,"3":0,"4":0,"5":0,"6":0,"7":0,"8":0,"9":0,"10":0,"11":0,"12":0,"13":0,"14":0,"15":0,"16":0,"17":0,"18":0,"19":0,"20":0,"21":0,"22":0,"23":0,"24":0,"25":3,"26":0,"27":0},"b":{"0":[0,1],"1":[1,1],"2":[0,0],"3":[0,3],"4":[3,3],"5":[0,0,0,0,3],"6":[0,0]},"_coverageSchema":"332fd63041d2c1bcb487cc26dd0d5f7d97098a6c","hash":"334af69ca702284a66ea866fe6ed1a093b4ba67b","contentHash":"826607f10f6db3bc917eb9d0c70ee7f6_11.4.1"},"/Users/mimi/Grace-Hopper/srphase/muggers/client/store/review.js":{"path":"/Users/mimi/Grace-Hopper/srphase/muggers/client/store/review.js","statementMap":{"0":{"start":{"line":3,"column":0},"end":{"line":5,"column":3}},"1":{"start":{"line":6,"column":0},"end":{"line":6,"column":81}},"2":{"start":{"line":8,"column":0},"end":{"line":22,"column":2}},"3":{"start":{"line":9,"column":16},"end":{"line":9,"column":86}},"4":{"start":{"line":10,"column":15},"end":{"line":10,"column":27}},"5":{"start":{"line":12,"column":2},"end":{"line":21,"column":3}},"6":{"start":{"line":14,"column":6},"end":{"line":14,"column":28}},"7":{"start":{"line":16,"column":6},"end":{"line":16,"column":43}},"8":{"start":{"line":18,"column":6},"end":{"line":18,"column":28}},"9":{"start":{"line":20,"column":6},"end":{"line":20,"column":21}},"10":{"start":{"line":24,"column":13},"end":{"line":24,"column":29}},"11":{"start":{"line":26,"column":14},"end":{"line":26,"column":44}},"12":{"start":{"line":28,"column":39},"end":{"line":28,"column":93}},"13":{"start":{"line":30,"column":18},"end":{"line":30,"column":31}},"14":{"start":{"line":31,"column":17},"end":{"line":31,"column":29}},"15":{"start":{"line":32,"column":20},"end":{"line":32,"column":35}},"16":{"start":{"line":34,"column":17},"end":{"line":39,"column":1}},"17":{"start":{"line":35,"column":2},"end":{"line":38,"column":4}},"18":{"start":{"line":41,"column":16},"end":{"line":46,"column":1}},"19":{"start":{"line":42,"column":2},"end":{"line":45,"column":4}},"20":{"start":{"line":48,"column":18},"end":{"line":53,"column":1}},"21":{"start":{"line":49,"column":2},"end":{"line":52,"column":4}},"22":{"start":{"line":56,"column":19},"end":{"line":64,"column":1}},"23":{"start":{"line":57,"column":2},"end":{"line":63,"column":4}},"24":{"start":{"line":58,"column":4},"end":{"line":62,"column":26}},"25":{"start":{"line":59,"column":6},"end":{"line":59,"column":22}},"26":{"start":{"line":61,"column":6},"end":{"line":61,"column":44}},"27":{"start":{"line":66,"column":21},"end":{"line":74,"column":1}},"28":{"start":{"line":67,"column":2},"end":{"line":73,"column":4}},"29":{"start":{"line":68,"column":4},"end":{"line":72,"column":26}},"30":{"start":{"line":69,"column":6},"end":{"line":69,"column":22}},"31":{"start":{"line":71,"column":6},"end":{"line":71,"column":43}},"32":{"start":{"line":76,"column":19},"end":{"line":84,"column":1}},"33":{"start":{"line":77,"column":2},"end":{"line":83,"column":4}},"34":{"start":{"line":78,"column":4},"end":{"line":82,"column":26}},"35":{"start":{"line":79,"column":6},"end":{"line":79,"column":22}},"36":{"start":{"line":81,"column":6},"end":{"line":81,"column":34}}},"fnMap":{"0":{"name":"(anonymous_0)","decl":{"start":{"line":8,"column":18},"end":{"line":8,"column":19}},"loc":{"start":{"line":8,"column":30},"end":{"line":22,"column":1}},"line":8},"1":{"name":"_interopRequireDefault","decl":{"start":{"line":28,"column":9},"end":{"line":28,"column":31}},"loc":{"start":{"line":28,"column":37},"end":{"line":28,"column":95}},"line":28},"2":{"name":"getReviews","decl":{"start":{"line":34,"column":26},"end":{"line":34,"column":36}},"loc":{"start":{"line":34,"column":46},"end":{"line":39,"column":1}},"line":34},"3":{"name":"addReview","decl":{"start":{"line":41,"column":25},"end":{"line":41,"column":34}},"loc":{"start":{"line":41,"column":43},"end":{"line":46,"column":1}},"line":41},"4":{"name":"fetchReview","decl":{"start":{"line":48,"column":27},"end":{"line":48,"column":38}},"loc":{"start":{"line":48,"column":48},"end":{"line":53,"column":1}},"line":48},"5":{"name":"fetchReviews","decl":{"start":{"line":56,"column":51},"end":{"line":56,"column":63}},"loc":{"start":{"line":56,"column":66},"end":{"line":64,"column":1}},"line":56},"6":{"name":"(anonymous_6)","decl":{"start":{"line":57,"column":9},"end":{"line":57,"column":10}},"loc":{"start":{"line":57,"column":29},"end":{"line":63,"column":3}},"line":57},"7":{"name":"(anonymous_7)","decl":{"start":{"line":58,"column":52},"end":{"line":58,"column":53}},"loc":{"start":{"line":58,"column":67},"end":{"line":60,"column":5}},"line":58},"8":{"name":"(anonymous_8)","decl":{"start":{"line":60,"column":12},"end":{"line":60,"column":13}},"loc":{"start":{"line":60,"column":31},"end":{"line":62,"column":5}},"line":60},"9":{"name":"getProdReviews","decl":{"start":{"line":66,"column":55},"end":{"line":66,"column":69}},"loc":{"start":{"line":66,"column":81},"end":{"line":74,"column":1}},"line":66},"10":{"name":"(anonymous_10)","decl":{"start":{"line":67,"column":9},"end":{"line":67,"column":10}},"loc":{"start":{"line":67,"column":29},"end":{"line":73,"column":3}},"line":67},"11":{"name":"(anonymous_11)","decl":{"start":{"line":68,"column":79},"end":{"line":68,"column":80}},"loc":{"start":{"line":68,"column":94},"end":{"line":70,"column":5}},"line":68},"12":{"name":"(anonymous_12)","decl":{"start":{"line":70,"column":12},"end":{"line":70,"column":13}},"loc":{"start":{"line":70,"column":31},"end":{"line":72,"column":5}},"line":70},"13":{"name":"createReview","decl":{"start":{"line":76,"column":51},"end":{"line":76,"column":63}},"loc":{"start":{"line":76,"column":72},"end":{"line":84,"column":1}},"line":76},"14":{"name":"(anonymous_14)","decl":{"start":{"line":77,"column":9},"end":{"line":77,"column":10}},"loc":{"start":{"line":77,"column":29},"end":{"line":83,"column":3}},"line":77},"15":{"name":"(anonymous_15)","decl":{"start":{"line":78,"column":61},"end":{"line":78,"column":62}},"loc":{"start":{"line":78,"column":76},"end":{"line":80,"column":5}},"line":78},"16":{"name":"(anonymous_16)","decl":{"start":{"line":80,"column":12},"end":{"line":80,"column":13}},"loc":{"start":{"line":80,"column":30},"end":{"line":82,"column":5}},"line":80}},"branchMap":{"0":{"loc":{"start":{"line":9,"column":16},"end":{"line":9,"column":86}},"type":"cond-expr","locations":[{"start":{"line":9,"column":69},"end":{"line":9,"column":81}},{"start":{"line":9,"column":84},"end":{"line":9,"column":86}}],"line":9},"1":{"loc":{"start":{"line":9,"column":16},"end":{"line":9,"column":66}},"type":"binary-expr","locations":[{"start":{"line":9,"column":16},"end":{"line":9,"column":36}},{"start":{"line":9,"column":40},"end":{"line":9,"column":66}}],"line":9},"2":{"loc":{"start":{"line":12,"column":2},"end":{"line":21,"column":3}},"type":"switch","locations":[{"start":{"line":13,"column":4},"end":{"line":14,"column":28}},{"start":{"line":15,"column":4},"end":{"line":16,"column":43}},{"start":{"line":17,"column":4},"end":{"line":18,"column":28}},{"start":{"line":19,"column":4},"end":{"line":20,"column":21}}],"line":12},"3":{"loc":{"start":{"line":28,"column":46},"end":{"line":28,"column":92}},"type":"cond-expr","locations":[{"start":{"line":28,"column":70},"end":{"line":28,"column":73}},{"start":{"line":28,"column":76},"end":{"line":28,"column":92}}],"line":28},"4":{"loc":{"start":{"line":28,"column":46},"end":{"line":28,"column":67}},"type":"binary-expr","locations":[{"start":{"line":28,"column":46},"end":{"line":28,"column":49}},{"start":{"line":28,"column":53},"end":{"line":28,"column":67}}],"line":28}},"s":{"0":1,"1":1,"2":1,"3":3,"4":3,"5":3,"6":0,"7":0,"8":0,"9":3,"10":1,"11":1,"12":1,"13":1,"14":1,"15":1,"16":1,"17":0,"18":1,"19":0,"20":1,"21":0,"22":1,"23":0,"24":0,"25":0,"26":0,"27":1,"28":0,"29":0,"30":0,"31":0,"32":1,"33":0,"34":0,"35":0,"36":0},"f":{"0":3,"1":1,"2":0,"3":0,"4":0,"5":0,"6":0,"7":0,"8":0,"9":0,"10":0,"11":0,"12":0,"13":0,"14":0,"15":0,"16":0},"b":{"0":[0,3],"1":[3,3],"2":[0,0,0,3],"3":[0,1],"4":[1,1]},"_coverageSchema":"332fd63041d2c1bcb487cc26dd0d5f7d97098a6c","hash":"883c66eef28f4df68cd459ded6a787ba86c95a81","contentHash":"bd8d3667394e03d1969cd99c19234ad2_11.4.1"},"/Users/mimi/Grace-Hopper/srphase/muggers/client/store/user.spec.js":{"path":"/Users/mimi/Grace-Hopper/srphase/muggers/client/store/user.spec.js","statementMap":{"0":{"start":{"line":3,"column":12},"end":{"line":3,"column":27}},"1":{"start":{"line":5,"column":12},"end":{"line":5,"column":29}},"2":{"start":{"line":7,"column":13},"end":{"line":7,"column":29}},"3":{"start":{"line":9,"column":14},"end":{"line":9,"column":44}},"4":{"start":{"line":11,"column":24},"end":{"line":11,"column":53}},"5":{"start":{"line":13,"column":25},"end":{"line":13,"column":66}},"6":{"start":{"line":15,"column":22},"end":{"line":15,"column":49}},"7":{"start":{"line":17,"column":23},"end":{"line":17,"column":62}},"8":{"start":{"line":19,"column":18},"end":{"line":19,"column":40}},"9":{"start":{"line":21,"column":19},"end":{"line":21,"column":54}},"10":{"start":{"line":23,"column":15},"end":{"line":23,"column":36}},"11":{"start":{"line":25,"column":16},"end":{"line":25,"column":48}},"12":{"start":{"line":27,"column":39},"end":{"line":27,"column":93}},"13":{"start":{"line":29,"column":18},"end":{"line":29,"column":40}},"14":{"start":{"line":31,"column":16},"end":{"line":31,"column":58}},"15":{"start":{"line":33,"column":0},"end":{"line":71,"column":3}},"16":{"start":{"line":34,"column":14},"end":{"line":34,"column":20}},"17":{"start":{"line":35,"column":18},"end":{"line":35,"column":24}},"18":{"start":{"line":37,"column":21},"end":{"line":37,"column":33}},"19":{"start":{"line":39,"column":2},"end":{"line":42,"column":5}},"20":{"start":{"line":40,"column":4},"end":{"line":40,"column":64}},"21":{"start":{"line":41,"column":4},"end":{"line":41,"column":36}},"22":{"start":{"line":44,"column":2},"end":{"line":47,"column":5}},"23":{"start":{"line":45,"column":4},"end":{"line":45,"column":24}},"24":{"start":{"line":46,"column":4},"end":{"line":46,"column":25}},"25":{"start":{"line":49,"column":2},"end":{"line":59,"column":5}},"26":{"start":{"line":50,"column":4},"end":{"line":58,"column":7}},"27":{"start":{"line":51,"column":21},"end":{"line":51,"column":38}},"28":{"start":{"line":52,"column":6},"end":{"line":52,"column":59}},"29":{"start":{"line":53,"column":6},"end":{"line":57,"column":9}},"30":{"start":{"line":54,"column":22},"end":{"line":54,"column":40}},"31":{"start":{"line":55,"column":8},"end":{"line":55,"column":67}},"32":{"start":{"line":56,"column":8},"end":{"line":56,"column":70}},"33":{"start":{"line":61,"column":2},"end":{"line":70,"column":5}},"34":{"start":{"line":62,"column":4},"end":{"line":69,"column":7}},"35":{"start":{"line":63,"column":6},"end":{"line":63,"column":54}},"36":{"start":{"line":64,"column":6},"end":{"line":68,"column":9}},"37":{"start":{"line":65,"column":22},"end":{"line":65,"column":40}},"38":{"start":{"line":66,"column":8},"end":{"line":66,"column":70}},"39":{"start":{"line":67,"column":8},"end":{"line":67,"column":85}}},"fnMap":{"0":{"name":"_interopRequireDefault","decl":{"start":{"line":27,"column":9},"end":{"line":27,"column":31}},"loc":{"start":{"line":27,"column":37},"end":{"line":27,"column":95}},"line":27},"1":{"name":"(anonymous_1)","decl":{"start":{"line":33,"column":27},"end":{"line":33,"column":28}},"loc":{"start":{"line":33,"column":39},"end":{"line":71,"column":1}},"line":33},"2":{"name":"(anonymous_2)","decl":{"start":{"line":39,"column":13},"end":{"line":39,"column":14}},"loc":{"start":{"line":39,"column":25},"end":{"line":42,"column":3}},"line":39},"3":{"name":"(anonymous_3)","decl":{"start":{"line":44,"column":12},"end":{"line":44,"column":13}},"loc":{"start":{"line":44,"column":24},"end":{"line":47,"column":3}},"line":44},"4":{"name":"(anonymous_4)","decl":{"start":{"line":49,"column":17},"end":{"line":49,"column":18}},"loc":{"start":{"line":49,"column":29},"end":{"line":59,"column":3}},"line":49},"5":{"name":"(anonymous_5)","decl":{"start":{"line":50,"column":52},"end":{"line":50,"column":53}},"loc":{"start":{"line":50,"column":64},"end":{"line":58,"column":5}},"line":50},"6":{"name":"(anonymous_6)","decl":{"start":{"line":53,"column":50},"end":{"line":53,"column":51}},"loc":{"start":{"line":53,"column":62},"end":{"line":57,"column":7}},"line":53},"7":{"name":"(anonymous_7)","decl":{"start":{"line":61,"column":21},"end":{"line":61,"column":22}},"loc":{"start":{"line":61,"column":33},"end":{"line":70,"column":3}},"line":61},"8":{"name":"(anonymous_8)","decl":{"start":{"line":62,"column":63},"end":{"line":62,"column":64}},"loc":{"start":{"line":62,"column":75},"end":{"line":69,"column":5}},"line":62},"9":{"name":"(anonymous_9)","decl":{"start":{"line":64,"column":54},"end":{"line":64,"column":55}},"loc":{"start":{"line":64,"column":66},"end":{"line":68,"column":7}},"line":64}},"branchMap":{"0":{"loc":{"start":{"line":27,"column":46},"end":{"line":27,"column":92}},"type":"cond-expr","locations":[{"start":{"line":27,"column":70},"end":{"line":27,"column":73}},{"start":{"line":27,"column":76},"end":{"line":27,"column":92}}],"line":27},"1":{"loc":{"start":{"line":27,"column":46},"end":{"line":27,"column":67}},"type":"binary-expr","locations":[{"start":{"line":27,"column":46},"end":{"line":27,"column":49}},{"start":{"line":27,"column":53},"end":{"line":27,"column":67}}],"line":27}},"s":{"0":1,"1":1,"2":1,"3":1,"4":1,"5":1,"6":1,"7":1,"8":1,"9":1,"10":1,"11":1,"12":5,"13":1,"14":1,"15":1,"16":1,"17":1,"18":1,"19":1,"20":2,"21":2,"22":1,"23":2,"24":2,"25":1,"26":1,"27":1,"28":1,"29":1,"30":1,"31":1,"32":1,"33":1,"34":1,"35":1,"36":1,"37":1,"38":1,"39":1},"f":{"0":5,"1":1,"2":2,"3":2,"4":1,"5":1,"6":1,"7":1,"8":1,"9":1},"b":{"0":[2,3],"1":[5,5]},"_coverageSchema":"332fd63041d2c1bcb487cc26dd0d5f7d97098a6c","hash":"b98eda36eb9f4a69b5b628789af3f1831365ce8c","contentHash":"32ed71556c196a62cd374c63e5691e3f_11.4.1"}}